Running with seed=20 and test_samples_ivon=16
device=device(type='cuda')
torch.get_num_threads()=1
Epoch 20, Accuracy: 93.90%
Epoch 40, Accuracy: 92.08%
Epoch 60, Accuracy: 87.77%
Epoch 80, Accuracy: 93.15%
Epoch 100, Accuracy: 92.13%
Epoch 120, Accuracy: 90.45%
Epoch 140, Accuracy: 89.95%
Epoch 160, Accuracy: 93.15%
Epoch 180, Accuracy: 91.87%
Epoch 200, Accuracy: 87.20%
Epoch 220, Accuracy: 89.73%
Epoch 240, Accuracy: 92.75%
Epoch 260, Accuracy: 85.77%
Epoch 280, Accuracy: 91.00%
Epoch 300, Accuracy: 75.73%
Adding 513 images to training set
Epoch 20, Accuracy: 63.58%
Epoch 40, Accuracy: 95.72%
Epoch 60, Accuracy: 95.12%
Epoch 80, Accuracy: 97.03%
Epoch 100, Accuracy: 97.42%
Epoch 120, Accuracy: 96.75%
Epoch 140, Accuracy: 97.27%
Epoch 160, Accuracy: 97.23%
Epoch 180, Accuracy: 97.15%
Epoch 200, Accuracy: 97.35%
Epoch 220, Accuracy: 97.63%
Epoch 240, Accuracy: 94.17%
Epoch 260, Accuracy: 97.80%
Epoch 280, Accuracy: 97.42%
Epoch 300, Accuracy: 97.68%
Adding 507 images to training set
Epoch 20, Accuracy: 90.98%
Epoch 40, Accuracy: 96.20%
Epoch 60, Accuracy: 97.55%
Epoch 80, Accuracy: 97.53%
Epoch 100, Accuracy: 97.63%
Epoch 120, Accuracy: 97.62%
Epoch 140, Accuracy: 98.08%
Epoch 160, Accuracy: 97.92%
Epoch 180, Accuracy: 98.10%
Epoch 200, Accuracy: 98.13%
Epoch 220, Accuracy: 98.22%
Epoch 240, Accuracy: 98.12%
Epoch 260, Accuracy: 98.00%
Epoch 280, Accuracy: 94.88%
Epoch 300, Accuracy: 98.27%
Adding 502 images to training set
Epoch 20, Accuracy: 94.75%
Epoch 40, Accuracy: 97.92%
Epoch 60, Accuracy: 98.32%
Epoch 80, Accuracy: 98.33%
Epoch 100, Accuracy: 98.45%
Epoch 120, Accuracy: 98.07%
Epoch 140, Accuracy: 98.13%
Epoch 160, Accuracy: 98.38%
Epoch 180, Accuracy: 98.45%
Epoch 200, Accuracy: 98.50%
Epoch 220, Accuracy: 98.65%
Epoch 240, Accuracy: 98.80%
Epoch 260, Accuracy: 97.93%
Epoch 280, Accuracy: 98.67%
Epoch 300, Accuracy: 98.68%
Adding 497 images to training set
Epoch 20, Accuracy: 98.15%
Epoch 40, Accuracy: 98.43%
Epoch 60, Accuracy: 98.77%
Epoch 80, Accuracy: 98.85%
Epoch 100, Accuracy: 97.88%
Epoch 120, Accuracy: 98.88%
Epoch 140, Accuracy: 98.95%
Epoch 160, Accuracy: 99.02%
Epoch 180, Accuracy: 98.93%
Epoch 200, Accuracy: 98.97%
Epoch 220, Accuracy: 99.13%
Epoch 240, Accuracy: 98.15%
Epoch 260, Accuracy: 99.10%
Epoch 280, Accuracy: 98.22%
Epoch 300, Accuracy: 99.00%
Running with seed=21 and test_samples_ivon=16
device=device(type='cuda')
torch.get_num_threads()=1
Epoch 20, Accuracy: 92.95%
Epoch 40, Accuracy: 95.53%
Epoch 60, Accuracy: 95.82%
Epoch 80, Accuracy: 95.93%
Epoch 100, Accuracy: 94.82%
Epoch 120, Accuracy: 96.37%
Epoch 140, Accuracy: 96.30%
Epoch 160, Accuracy: 96.53%
Epoch 180, Accuracy: 96.50%
Epoch 200, Accuracy: 96.70%
Epoch 220, Accuracy: 96.67%
Epoch 240, Accuracy: 96.60%
Epoch 260, Accuracy: 96.48%
Epoch 280, Accuracy: 96.52%
Epoch 300, Accuracy: 94.02%
Adding 513 images to training set
Epoch 20, Accuracy: 93.45%
Epoch 40, Accuracy: 97.40%
Epoch 60, Accuracy: 95.20%
Epoch 80, Accuracy: 97.82%
Epoch 100, Accuracy: 97.78%
Epoch 120, Accuracy: 97.57%
Epoch 140, Accuracy: 98.07%
Epoch 160, Accuracy: 97.83%
Epoch 180, Accuracy: 97.95%
Epoch 200, Accuracy: 98.10%
Epoch 220, Accuracy: 98.13%
Epoch 240, Accuracy: 98.05%
Epoch 260, Accuracy: 98.27%
Epoch 280, Accuracy: 98.08%
Epoch 300, Accuracy: 98.35%
Adding 507 images to training set
Epoch 20, Accuracy: 92.77%
Epoch 40, Accuracy: 95.48%
Epoch 60, Accuracy: 97.75%
Epoch 80, Accuracy: 98.08%
Epoch 100, Accuracy: 98.32%
Epoch 120, Accuracy: 98.27%
Epoch 140, Accuracy: 98.38%
Epoch 160, Accuracy: 98.23%
Epoch 180, Accuracy: 98.52%
Epoch 200, Accuracy: 98.30%
Epoch 220, Accuracy: 97.98%
Epoch 240, Accuracy: 97.93%
Epoch 260, Accuracy: 97.92%
Epoch 280, Accuracy: 98.05%
Epoch 300, Accuracy: 96.80%
Adding 502 images to training set
Epoch 20, Accuracy: 96.38%
Epoch 40, Accuracy: 98.27%
Epoch 60, Accuracy: 98.42%
Epoch 80, Accuracy: 98.30%
Epoch 100, Accuracy: 98.25%
Epoch 120, Accuracy: 98.32%
Epoch 140, Accuracy: 97.62%
Epoch 160, Accuracy: 98.40%
Epoch 180, Accuracy: 98.45%
Epoch 200, Accuracy: 98.42%
Epoch 220, Accuracy: 98.57%
Epoch 240, Accuracy: 98.65%
Epoch 260, Accuracy: 97.28%
Epoch 280, Accuracy: 98.45%
Epoch 300, Accuracy: 98.77%
Adding 497 images to training set
Epoch 20, Accuracy: 79.02%
Epoch 40, Accuracy: 96.33%
Epoch 60, Accuracy: 97.78%
Epoch 80, Accuracy: 98.12%
Epoch 100, Accuracy: 97.05%
Epoch 120, Accuracy: 98.28%
Epoch 140, Accuracy: 96.53%
Epoch 160, Accuracy: 98.17%
Epoch 180, Accuracy: 98.30%
Epoch 200, Accuracy: 98.55%
Epoch 220, Accuracy: 98.07%
Epoch 240, Accuracy: 97.60%
Epoch 260, Accuracy: 98.73%
Epoch 280, Accuracy: 98.20%
Epoch 300, Accuracy: 98.68%
Running with seed=22 and test_samples_ivon=16
device=device(type='cuda')
torch.get_num_threads()=1
Epoch 20, Accuracy: 49.12%
Epoch 40, Accuracy: 92.67%
Epoch 60, Accuracy: 96.20%
Epoch 80, Accuracy: 96.63%
Epoch 100, Accuracy: 96.13%
Epoch 120, Accuracy: 96.83%
Epoch 140, Accuracy: 97.13%
Epoch 160, Accuracy: 96.33%
Epoch 180, Accuracy: 97.20%
Epoch 200, Accuracy: 97.27%
Epoch 220, Accuracy: 97.10%
Epoch 240, Accuracy: 97.47%
Epoch 260, Accuracy: 96.18%
Epoch 280, Accuracy: 97.37%
Epoch 300, Accuracy: 97.68%
Adding 513 images to training set
Epoch 20, Accuracy: 92.25%
Epoch 40, Accuracy: 96.58%
Epoch 60, Accuracy: 96.43%
Epoch 80, Accuracy: 97.53%
Epoch 100, Accuracy: 97.63%
Epoch 120, Accuracy: 96.72%
Epoch 140, Accuracy: 98.00%
Epoch 160, Accuracy: 97.92%
Epoch 180, Accuracy: 97.95%
Epoch 200, Accuracy: 98.17%
Epoch 220, Accuracy: 98.03%
Epoch 240, Accuracy: 98.25%
Epoch 260, Accuracy: 98.32%
Epoch 280, Accuracy: 97.87%
Epoch 300, Accuracy: 98.25%
Adding 507 images to training set
Epoch 20, Accuracy: 83.02%
Epoch 40, Accuracy: 93.50%
Epoch 60, Accuracy: 97.05%
Epoch 80, Accuracy: 97.62%
Epoch 100, Accuracy: 97.45%
Epoch 120, Accuracy: 97.72%
Epoch 140, Accuracy: 97.70%
Epoch 160, Accuracy: 97.98%
Epoch 180, Accuracy: 98.22%
Epoch 200, Accuracy: 97.88%
Epoch 220, Accuracy: 97.77%
Epoch 240, Accuracy: 98.33%
Epoch 260, Accuracy: 97.17%
Epoch 280, Accuracy: 98.42%
Epoch 300, Accuracy: 98.45%
Adding 502 images to training set
Epoch 20, Accuracy: 81.62%
Epoch 40, Accuracy: 97.72%
Epoch 60, Accuracy: 98.30%
Epoch 80, Accuracy: 98.45%
Epoch 100, Accuracy: 98.55%
Epoch 120, Accuracy: 97.97%
Epoch 140, Accuracy: 97.60%
Epoch 160, Accuracy: 98.57%
Epoch 180, Accuracy: 98.43%
Epoch 200, Accuracy: 98.62%
Epoch 220, Accuracy: 98.42%
Epoch 240, Accuracy: 98.70%
Epoch 260, Accuracy: 94.60%
Epoch 280, Accuracy: 98.60%
Epoch 300, Accuracy: 98.62%
Adding 497 images to training set
Epoch 20, Accuracy: 79.37%
Epoch 40, Accuracy: 95.13%
Epoch 60, Accuracy: 97.80%
Epoch 80, Accuracy: 98.42%
Epoch 100, Accuracy: 97.77%
Epoch 120, Accuracy: 98.67%
Epoch 140, Accuracy: 98.25%
Epoch 160, Accuracy: 98.67%
Epoch 180, Accuracy: 98.67%
Epoch 200, Accuracy: 98.47%
Epoch 220, Accuracy: 98.57%
Epoch 240, Accuracy: 98.45%
Epoch 260, Accuracy: 98.87%
Epoch 280, Accuracy: 98.40%
Epoch 300, Accuracy: 98.80%
Running with seed=23 and test_samples_ivon=16
device=device(type='cuda')
torch.get_num_threads()=1
Epoch 20, Accuracy: 92.30%
Epoch 40, Accuracy: 93.93%
Epoch 60, Accuracy: 95.17%
Epoch 80, Accuracy: 96.35%
Epoch 100, Accuracy: 95.07%
Epoch 120, Accuracy: 96.65%
Epoch 140, Accuracy: 96.67%
Epoch 160, Accuracy: 96.03%
Epoch 180, Accuracy: 96.92%
Epoch 200, Accuracy: 96.58%
Epoch 220, Accuracy: 97.02%
Epoch 240, Accuracy: 97.28%
Epoch 260, Accuracy: 96.80%
Epoch 280, Accuracy: 96.97%
Epoch 300, Accuracy: 96.98%
Adding 513 images to training set
Epoch 20, Accuracy: 93.00%
Epoch 40, Accuracy: 97.67%
Epoch 60, Accuracy: 95.92%
Epoch 80, Accuracy: 97.82%
Epoch 100, Accuracy: 98.00%
Epoch 120, Accuracy: 97.65%
Epoch 140, Accuracy: 98.00%
Epoch 160, Accuracy: 97.80%
Epoch 180, Accuracy: 97.80%
Epoch 200, Accuracy: 98.25%
Epoch 220, Accuracy: 98.07%
Epoch 240, Accuracy: 96.82%
Epoch 260, Accuracy: 98.13%
Epoch 280, Accuracy: 98.03%
Epoch 300, Accuracy: 98.18%
Adding 507 images to training set
Epoch 20, Accuracy: 37.67%
Epoch 40, Accuracy: 88.15%
Epoch 60, Accuracy: 97.53%
Epoch 80, Accuracy: 98.20%
Epoch 100, Accuracy: 98.30%
Epoch 120, Accuracy: 98.33%
Epoch 140, Accuracy: 98.42%
Epoch 160, Accuracy: 98.32%
Epoch 180, Accuracy: 98.55%
Epoch 200, Accuracy: 98.02%
Epoch 220, Accuracy: 98.18%
Epoch 240, Accuracy: 98.57%
Epoch 260, Accuracy: 97.32%
Epoch 280, Accuracy: 98.02%
Epoch 300, Accuracy: 96.45%
Adding 502 images to training set
Epoch 20, Accuracy: 95.70%
Epoch 40, Accuracy: 98.35%
Epoch 60, Accuracy: 98.45%
Epoch 80, Accuracy: 98.52%
Epoch 100, Accuracy: 98.47%
Epoch 120, Accuracy: 98.00%
Epoch 140, Accuracy: 98.22%
Epoch 160, Accuracy: 98.55%
Epoch 180, Accuracy: 98.42%
Epoch 200, Accuracy: 98.47%
Epoch 220, Accuracy: 98.48%
Epoch 240, Accuracy: 98.48%
Epoch 260, Accuracy: 97.37%
Epoch 280, Accuracy: 98.35%
Epoch 300, Accuracy: 98.77%
Adding 497 images to training set
Epoch 20, Accuracy: 94.07%
Epoch 40, Accuracy: 96.10%
Epoch 60, Accuracy: 98.33%
Epoch 80, Accuracy: 98.82%
Epoch 100, Accuracy: 97.78%
Epoch 120, Accuracy: 98.75%
Epoch 140, Accuracy: 96.78%
Epoch 160, Accuracy: 98.85%
Epoch 180, Accuracy: 98.68%
Epoch 200, Accuracy: 98.67%
Epoch 220, Accuracy: 98.63%
Epoch 240, Accuracy: 97.55%
Epoch 260, Accuracy: 98.93%
Epoch 280, Accuracy: 98.97%
Epoch 300, Accuracy: 98.97%
Running with seed=24 and test_samples_ivon=16
device=device(type='cuda')
torch.get_num_threads()=1
Epoch 20, Accuracy: 91.85%
Epoch 40, Accuracy: 95.33%
Epoch 60, Accuracy: 95.10%
Epoch 80, Accuracy: 96.55%
Epoch 100, Accuracy: 94.10%
Epoch 120, Accuracy: 96.80%
Epoch 140, Accuracy: 97.07%
Epoch 160, Accuracy: 96.38%
Epoch 180, Accuracy: 97.00%
Epoch 200, Accuracy: 97.03%
Epoch 220, Accuracy: 97.05%
Epoch 240, Accuracy: 97.20%
Epoch 260, Accuracy: 96.27%
Epoch 280, Accuracy: 97.22%
Epoch 300, Accuracy: 94.80%
Adding 513 images to training set
Epoch 20, Accuracy: 94.70%
Epoch 40, Accuracy: 97.22%
Epoch 60, Accuracy: 97.03%
Epoch 80, Accuracy: 97.75%
Epoch 100, Accuracy: 97.80%
Epoch 120, Accuracy: 97.47%
Epoch 140, Accuracy: 97.90%
Epoch 160, Accuracy: 98.03%
Epoch 180, Accuracy: 96.55%
Epoch 200, Accuracy: 97.87%
Epoch 220, Accuracy: 97.82%
Epoch 240, Accuracy: 97.75%
Epoch 260, Accuracy: 98.17%
Epoch 280, Accuracy: 98.05%
Epoch 300, Accuracy: 98.05%
Adding 507 images to training set
Epoch 20, Accuracy: 90.90%
Epoch 40, Accuracy: 97.03%
Epoch 60, Accuracy: 98.18%
Epoch 80, Accuracy: 98.17%
Epoch 100, Accuracy: 98.32%
Epoch 120, Accuracy: 98.35%
Epoch 140, Accuracy: 98.25%
Epoch 160, Accuracy: 98.53%
Epoch 180, Accuracy: 98.37%
Epoch 200, Accuracy: 98.23%
Epoch 220, Accuracy: 98.22%
Epoch 240, Accuracy: 97.57%
Epoch 260, Accuracy: 98.47%
Epoch 280, Accuracy: 97.30%
Epoch 300, Accuracy: 97.38%
Adding 502 images to training set
Epoch 20, Accuracy: 91.92%
Epoch 40, Accuracy: 98.18%
Epoch 60, Accuracy: 98.42%
Epoch 80, Accuracy: 98.57%
Epoch 100, Accuracy: 98.58%
Epoch 120, Accuracy: 97.98%
Epoch 140, Accuracy: 98.00%
Epoch 160, Accuracy: 98.53%
Epoch 180, Accuracy: 98.55%
Epoch 200, Accuracy: 98.72%
Epoch 220, Accuracy: 98.82%
Epoch 240, Accuracy: 98.90%
Epoch 260, Accuracy: 98.22%
Epoch 280, Accuracy: 98.58%
Epoch 300, Accuracy: 98.78%
Adding 497 images to training set
Epoch 20, Accuracy: 97.63%
Epoch 40, Accuracy: 98.05%
Epoch 60, Accuracy: 98.52%
Epoch 80, Accuracy: 98.72%
Epoch 100, Accuracy: 97.93%
Epoch 120, Accuracy: 99.07%
Epoch 140, Accuracy: 98.02%
Epoch 160, Accuracy: 98.78%
Epoch 180, Accuracy: 98.68%
Epoch 200, Accuracy: 98.85%
Epoch 220, Accuracy: 98.92%
Epoch 240, Accuracy: 98.23%
Epoch 260, Accuracy: 99.00%
Epoch 280, Accuracy: 98.00%
Epoch 300, Accuracy: 99.12%
Running with seed=25 and test_samples_ivon=16
device=device(type='cuda')
torch.get_num_threads()=1
Epoch 20, Accuracy: 95.18%
Epoch 40, Accuracy: 96.18%
Epoch 60, Accuracy: 96.75%
Epoch 80, Accuracy: 96.78%
Epoch 100, Accuracy: 96.23%
Epoch 120, Accuracy: 96.78%
Epoch 140, Accuracy: 96.98%
Epoch 160, Accuracy: 96.70%
Epoch 180, Accuracy: 96.97%
Epoch 200, Accuracy: 95.88%
Epoch 220, Accuracy: 97.23%
Epoch 240, Accuracy: 97.10%
Epoch 260, Accuracy: 97.03%
Epoch 280, Accuracy: 96.87%
Epoch 300, Accuracy: 93.32%
Adding 513 images to training set
Epoch 20, Accuracy: 25.57%
Epoch 40, Accuracy: 95.93%
Epoch 60, Accuracy: 94.78%
Epoch 80, Accuracy: 97.38%
Epoch 100, Accuracy: 97.40%
Epoch 120, Accuracy: 96.53%
Epoch 140, Accuracy: 97.52%
Epoch 160, Accuracy: 97.35%
Epoch 180, Accuracy: 96.88%
Epoch 200, Accuracy: 97.73%
Epoch 220, Accuracy: 97.40%
Epoch 240, Accuracy: 97.70%
Epoch 260, Accuracy: 97.58%
Epoch 280, Accuracy: 97.48%
Epoch 300, Accuracy: 96.82%
Adding 507 images to training set
Epoch 20, Accuracy: 90.77%
Epoch 40, Accuracy: 97.45%
Epoch 60, Accuracy: 97.97%
Epoch 80, Accuracy: 98.10%
Epoch 100, Accuracy: 98.22%
Epoch 120, Accuracy: 98.32%
Epoch 140, Accuracy: 98.35%
Epoch 160, Accuracy: 98.25%
Epoch 180, Accuracy: 98.45%
Epoch 200, Accuracy: 98.15%
Epoch 220, Accuracy: 98.13%
Epoch 240, Accuracy: 97.88%
Epoch 260, Accuracy: 98.40%
Epoch 280, Accuracy: 98.45%
Epoch 300, Accuracy: 98.53%
Adding 502 images to training set
Epoch 20, Accuracy: 96.17%
Epoch 40, Accuracy: 98.15%
Epoch 60, Accuracy: 98.43%
Epoch 80, Accuracy: 98.37%
Epoch 100, Accuracy: 98.58%
Epoch 120, Accuracy: 98.37%
Epoch 140, Accuracy: 97.92%
Epoch 160, Accuracy: 98.58%
Epoch 180, Accuracy: 98.45%
Epoch 200, Accuracy: 98.48%
Epoch 220, Accuracy: 98.75%
Epoch 240, Accuracy: 98.32%
Epoch 260, Accuracy: 98.48%
Epoch 280, Accuracy: 98.65%
Epoch 300, Accuracy: 98.62%
Adding 497 images to training set
Epoch 20, Accuracy: 97.47%
Epoch 40, Accuracy: 97.82%
Epoch 60, Accuracy: 97.97%
Epoch 80, Accuracy: 98.32%
Epoch 100, Accuracy: 97.85%
Epoch 120, Accuracy: 98.57%
Epoch 140, Accuracy: 97.72%
Epoch 160, Accuracy: 98.70%
Epoch 180, Accuracy: 98.78%
Epoch 200, Accuracy: 98.63%
Epoch 220, Accuracy: 98.78%
Epoch 240, Accuracy: 96.35%
Epoch 260, Accuracy: 98.78%
Epoch 280, Accuracy: 96.90%
Epoch 300, Accuracy: 98.70%
Running with seed=26 and test_samples_ivon=16
device=device(type='cuda')
torch.get_num_threads()=1
Epoch 20, Accuracy: 94.72%
Epoch 40, Accuracy: 95.72%
Epoch 60, Accuracy: 94.57%
Epoch 80, Accuracy: 96.98%
Epoch 100, Accuracy: 96.77%
Epoch 120, Accuracy: 97.10%
Epoch 140, Accuracy: 97.00%
Epoch 160, Accuracy: 97.25%
Epoch 180, Accuracy: 97.30%
Epoch 200, Accuracy: 97.27%
Epoch 220, Accuracy: 97.20%
Epoch 240, Accuracy: 97.35%
Epoch 260, Accuracy: 96.97%
Epoch 280, Accuracy: 97.33%
Epoch 300, Accuracy: 97.57%
Adding 513 images to training set
Epoch 20, Accuracy: 95.23%
Epoch 40, Accuracy: 97.68%
Epoch 60, Accuracy: 95.85%
Epoch 80, Accuracy: 98.02%
Epoch 100, Accuracy: 97.95%
Epoch 120, Accuracy: 97.90%
Epoch 140, Accuracy: 98.17%
Epoch 160, Accuracy: 98.30%
Epoch 180, Accuracy: 97.63%
Epoch 200, Accuracy: 98.18%
Epoch 220, Accuracy: 97.95%
Epoch 240, Accuracy: 97.43%
Epoch 260, Accuracy: 98.30%
Epoch 280, Accuracy: 98.60%
Epoch 300, Accuracy: 98.00%
Adding 507 images to training set
Epoch 20, Accuracy: 78.75%
Epoch 40, Accuracy: 95.98%
Epoch 60, Accuracy: 97.53%
Epoch 80, Accuracy: 98.23%
Epoch 100, Accuracy: 98.43%
Epoch 120, Accuracy: 98.53%
Epoch 140, Accuracy: 98.42%
Epoch 160, Accuracy: 98.45%
Epoch 180, Accuracy: 98.38%
Epoch 200, Accuracy: 98.40%
Epoch 220, Accuracy: 98.23%
Epoch 240, Accuracy: 97.68%
Epoch 260, Accuracy: 98.57%
Epoch 280, Accuracy: 98.65%
Epoch 300, Accuracy: 98.47%
Adding 502 images to training set
Epoch 20, Accuracy: 93.58%
Epoch 40, Accuracy: 97.85%
Epoch 60, Accuracy: 98.58%
Epoch 80, Accuracy: 98.57%
Epoch 100, Accuracy: 98.35%
Epoch 120, Accuracy: 98.42%
Epoch 140, Accuracy: 98.18%
Epoch 160, Accuracy: 98.68%
Epoch 180, Accuracy: 98.72%
Epoch 200, Accuracy: 98.75%
Epoch 220, Accuracy: 98.67%
Epoch 240, Accuracy: 97.82%
Epoch 260, Accuracy: 95.87%
Epoch 280, Accuracy: 98.73%
Epoch 300, Accuracy: 98.78%
Adding 497 images to training set
Epoch 20, Accuracy: 97.87%
Epoch 40, Accuracy: 98.27%
Epoch 60, Accuracy: 98.77%
Epoch 80, Accuracy: 98.93%
Epoch 100, Accuracy: 97.63%
Epoch 120, Accuracy: 98.92%
Epoch 140, Accuracy: 98.82%
Epoch 160, Accuracy: 98.92%
Epoch 180, Accuracy: 98.88%
Epoch 200, Accuracy: 98.90%
Epoch 220, Accuracy: 99.13%
Epoch 240, Accuracy: 98.70%
Epoch 260, Accuracy: 99.05%
Epoch 280, Accuracy: 98.73%
Epoch 300, Accuracy: 99.08%
Running with seed=27 and test_samples_ivon=16
device=device(type='cuda')
torch.get_num_threads()=1
Epoch 20, Accuracy: 94.83%
Epoch 40, Accuracy: 95.65%
Epoch 60, Accuracy: 94.98%
Epoch 80, Accuracy: 96.48%
Epoch 100, Accuracy: 96.08%
Epoch 120, Accuracy: 96.57%
Epoch 140, Accuracy: 96.52%
Epoch 160, Accuracy: 96.53%
Epoch 180, Accuracy: 96.33%
Epoch 200, Accuracy: 96.75%
Epoch 220, Accuracy: 96.87%
Epoch 240, Accuracy: 96.70%
Epoch 260, Accuracy: 96.60%
Epoch 280, Accuracy: 96.65%
Epoch 300, Accuracy: 96.67%
Adding 513 images to training set
Epoch 20, Accuracy: 91.27%
Epoch 40, Accuracy: 96.93%
Epoch 60, Accuracy: 95.52%
Epoch 80, Accuracy: 97.47%
Epoch 100, Accuracy: 97.40%
Epoch 120, Accuracy: 96.52%
Epoch 140, Accuracy: 97.57%
Epoch 160, Accuracy: 97.65%
Epoch 180, Accuracy: 96.40%
Epoch 200, Accuracy: 97.70%
Epoch 220, Accuracy: 97.65%
Epoch 240, Accuracy: 97.58%
Epoch 260, Accuracy: 97.82%
Epoch 280, Accuracy: 97.87%
Epoch 300, Accuracy: 97.15%
Adding 507 images to training set
Epoch 20, Accuracy: 94.67%
Epoch 40, Accuracy: 96.10%
Epoch 60, Accuracy: 97.70%
Epoch 80, Accuracy: 98.02%
Epoch 100, Accuracy: 97.97%
Epoch 120, Accuracy: 97.83%
Epoch 140, Accuracy: 97.98%
Epoch 160, Accuracy: 98.02%
Epoch 180, Accuracy: 98.03%
Epoch 200, Accuracy: 98.10%
Epoch 220, Accuracy: 98.00%
Epoch 240, Accuracy: 98.13%
Epoch 260, Accuracy: 94.02%
Epoch 280, Accuracy: 98.23%
Epoch 300, Accuracy: 94.88%
Adding 502 images to training set
Epoch 20, Accuracy: 85.37%
Epoch 40, Accuracy: 97.48%
Epoch 60, Accuracy: 98.00%
Epoch 80, Accuracy: 98.28%
Epoch 100, Accuracy: 97.97%
Epoch 120, Accuracy: 95.62%
Epoch 140, Accuracy: 97.75%
Epoch 160, Accuracy: 98.45%
Epoch 180, Accuracy: 98.52%
Epoch 200, Accuracy: 98.33%
Epoch 220, Accuracy: 98.58%
Epoch 240, Accuracy: 95.23%
Epoch 260, Accuracy: 97.77%
Epoch 280, Accuracy: 98.58%
Epoch 300, Accuracy: 98.58%
Adding 497 images to training set
Epoch 20, Accuracy: 98.43%
Epoch 40, Accuracy: 97.15%
Epoch 60, Accuracy: 98.53%
Epoch 80, Accuracy: 98.77%
Epoch 100, Accuracy: 97.35%
Epoch 120, Accuracy: 98.83%
Epoch 140, Accuracy: 98.20%
Epoch 160, Accuracy: 99.00%
Epoch 180, Accuracy: 98.77%
Epoch 200, Accuracy: 98.90%
Epoch 220, Accuracy: 98.88%
Epoch 240, Accuracy: 97.52%
Epoch 260, Accuracy: 98.92%
Epoch 280, Accuracy: 98.95%
Epoch 300, Accuracy: 99.00%
Running with seed=28 and test_samples_ivon=16
device=device(type='cuda')
torch.get_num_threads()=1
Epoch 20, Accuracy: 93.40%
Epoch 40, Accuracy: 94.20%
Epoch 60, Accuracy: 95.57%
Epoch 80, Accuracy: 96.72%
Epoch 100, Accuracy: 96.50%
Epoch 120, Accuracy: 96.82%
Epoch 140, Accuracy: 97.02%
Epoch 160, Accuracy: 96.27%
Epoch 180, Accuracy: 96.90%
Epoch 200, Accuracy: 97.13%
Epoch 220, Accuracy: 96.97%
Epoch 240, Accuracy: 92.32%
Epoch 260, Accuracy: 96.87%
Epoch 280, Accuracy: 97.35%
Epoch 300, Accuracy: 97.38%
Adding 513 images to training set
Epoch 20, Accuracy: 84.22%
Epoch 40, Accuracy: 97.52%
Epoch 60, Accuracy: 96.75%
Epoch 80, Accuracy: 98.00%
Epoch 100, Accuracy: 98.05%
Epoch 120, Accuracy: 97.92%
Epoch 140, Accuracy: 97.98%
Epoch 160, Accuracy: 98.05%
Epoch 180, Accuracy: 96.38%
Epoch 200, Accuracy: 98.20%
Epoch 220, Accuracy: 98.32%
Epoch 240, Accuracy: 97.02%
Epoch 260, Accuracy: 98.25%
Epoch 280, Accuracy: 98.32%
Epoch 300, Accuracy: 96.67%
Adding 507 images to training set
Epoch 20, Accuracy: 81.83%
Epoch 40, Accuracy: 96.97%
Epoch 60, Accuracy: 97.83%
Epoch 80, Accuracy: 98.23%
Epoch 100, Accuracy: 98.23%
Epoch 120, Accuracy: 98.35%
Epoch 140, Accuracy: 98.47%
Epoch 160, Accuracy: 98.22%
Epoch 180, Accuracy: 98.32%
Epoch 200, Accuracy: 98.30%
Epoch 220, Accuracy: 97.72%
Epoch 240, Accuracy: 97.80%
Epoch 260, Accuracy: 98.42%
Epoch 280, Accuracy: 97.17%
Epoch 300, Accuracy: 97.55%
Adding 502 images to training set
Epoch 20, Accuracy: 84.95%
Epoch 40, Accuracy: 98.43%
Epoch 60, Accuracy: 98.78%
Epoch 80, Accuracy: 98.70%
Epoch 100, Accuracy: 98.78%
Epoch 120, Accuracy: 98.42%
Epoch 140, Accuracy: 98.27%
Epoch 160, Accuracy: 98.85%
Epoch 180, Accuracy: 98.77%
Epoch 200, Accuracy: 98.83%
Epoch 220, Accuracy: 98.63%
Epoch 240, Accuracy: 98.55%
Epoch 260, Accuracy: 98.33%
Epoch 280, Accuracy: 98.72%
Epoch 300, Accuracy: 98.98%
Adding 497 images to training set
Epoch 20, Accuracy: 97.93%
Epoch 40, Accuracy: 98.18%
Epoch 60, Accuracy: 98.53%
Epoch 80, Accuracy: 98.73%
Epoch 100, Accuracy: 98.33%
Epoch 120, Accuracy: 98.83%
Epoch 140, Accuracy: 98.82%
Epoch 160, Accuracy: 99.00%
Epoch 180, Accuracy: 98.78%
Epoch 200, Accuracy: 98.78%
Epoch 220, Accuracy: 99.00%
Epoch 240, Accuracy: 98.98%
Epoch 260, Accuracy: 98.92%
Epoch 280, Accuracy: 98.48%
Epoch 300, Accuracy: 98.90%
Running with seed=29 and test_samples_ivon=16
device=device(type='cuda')
torch.get_num_threads()=1
Epoch 20, Accuracy: 93.63%
Epoch 40, Accuracy: 95.55%
Epoch 60, Accuracy: 95.80%
Epoch 80, Accuracy: 95.93%
Epoch 100, Accuracy: 95.63%
Epoch 120, Accuracy: 96.43%
Epoch 140, Accuracy: 96.50%
Epoch 160, Accuracy: 96.20%
Epoch 180, Accuracy: 96.48%
Epoch 200, Accuracy: 96.42%
Epoch 220, Accuracy: 96.47%
Epoch 240, Accuracy: 96.58%
Epoch 260, Accuracy: 96.65%
Epoch 280, Accuracy: 96.73%
Epoch 300, Accuracy: 95.65%
Adding 513 images to training set
Epoch 20, Accuracy: 95.68%
Epoch 40, Accuracy: 97.55%
Epoch 60, Accuracy: 96.97%
Epoch 80, Accuracy: 97.82%
Epoch 100, Accuracy: 97.68%
Epoch 120, Accuracy: 97.97%
Epoch 140, Accuracy: 97.97%
Epoch 160, Accuracy: 97.83%
Epoch 180, Accuracy: 97.23%
Epoch 200, Accuracy: 98.15%
Epoch 220, Accuracy: 98.03%
Epoch 240, Accuracy: 98.13%
Epoch 260, Accuracy: 98.13%
Epoch 280, Accuracy: 98.13%
Epoch 300, Accuracy: 97.70%
Adding 507 images to training set
Epoch 20, Accuracy: 91.82%
Epoch 40, Accuracy: 95.75%
Epoch 60, Accuracy: 97.83%
Epoch 80, Accuracy: 98.25%
Epoch 100, Accuracy: 98.32%
Epoch 120, Accuracy: 98.17%
Epoch 140, Accuracy: 98.47%
Epoch 160, Accuracy: 98.27%
Epoch 180, Accuracy: 98.42%
Epoch 200, Accuracy: 98.45%
Epoch 220, Accuracy: 96.32%
Epoch 240, Accuracy: 98.08%
Epoch 260, Accuracy: 97.32%
Epoch 280, Accuracy: 98.68%
Epoch 300, Accuracy: 98.57%
Adding 502 images to training set
Epoch 20, Accuracy: 92.85%
Epoch 40, Accuracy: 98.07%
Epoch 60, Accuracy: 98.22%
Epoch 80, Accuracy: 98.28%
Epoch 100, Accuracy: 98.23%
Epoch 120, Accuracy: 97.28%
Epoch 140, Accuracy: 98.62%
Epoch 160, Accuracy: 98.50%
Epoch 180, Accuracy: 98.63%
Epoch 200, Accuracy: 98.78%
Epoch 220, Accuracy: 98.72%
Epoch 240, Accuracy: 98.73%
Epoch 260, Accuracy: 98.77%
Epoch 280, Accuracy: 98.67%
Epoch 300, Accuracy: 98.85%
Adding 497 images to training set
Epoch 20, Accuracy: 97.00%
Epoch 40, Accuracy: 96.77%
Epoch 60, Accuracy: 98.77%
Epoch 80, Accuracy: 98.93%
Epoch 100, Accuracy: 98.72%
Epoch 120, Accuracy: 98.75%
Epoch 140, Accuracy: 98.60%
Epoch 160, Accuracy: 98.75%
Epoch 180, Accuracy: 98.58%
Epoch 200, Accuracy: 98.82%
Epoch 220, Accuracy: 98.40%
Epoch 240, Accuracy: 98.47%
Epoch 260, Accuracy: 99.05%
Epoch 280, Accuracy: 99.05%
Epoch 300, Accuracy: 99.02%
Running with seed=30 and test_samples_ivon=16
device=device(type='cuda')
torch.get_num_threads()=1
Epoch 20, Accuracy: 94.65%
Epoch 40, Accuracy: 95.68%
Epoch 60, Accuracy: 95.85%
Epoch 80, Accuracy: 96.37%
Epoch 100, Accuracy: 96.28%
Epoch 120, Accuracy: 96.47%
Epoch 140, Accuracy: 96.70%
Epoch 160, Accuracy: 95.63%
Epoch 180, Accuracy: 96.60%
Epoch 200, Accuracy: 96.57%
Epoch 220, Accuracy: 97.17%
Epoch 240, Accuracy: 97.03%
Epoch 260, Accuracy: 94.48%
Epoch 280, Accuracy: 97.02%
Epoch 300, Accuracy: 97.20%
Adding 513 images to training set
Epoch 20, Accuracy: 93.03%
Epoch 40, Accuracy: 97.77%
Epoch 60, Accuracy: 96.75%
Epoch 80, Accuracy: 97.92%
Epoch 100, Accuracy: 97.97%
Epoch 120, Accuracy: 97.87%
Epoch 140, Accuracy: 98.13%
Epoch 160, Accuracy: 98.13%
Epoch 180, Accuracy: 96.68%
Epoch 200, Accuracy: 98.25%
Epoch 220, Accuracy: 98.23%
Epoch 240, Accuracy: 98.38%
Epoch 260, Accuracy: 98.30%
Epoch 280, Accuracy: 98.28%
Epoch 300, Accuracy: 98.40%
Adding 507 images to training set
Epoch 20, Accuracy: 93.27%
Epoch 40, Accuracy: 96.28%
Epoch 60, Accuracy: 97.77%
Epoch 80, Accuracy: 97.92%
Epoch 100, Accuracy: 97.67%
Epoch 120, Accuracy: 97.95%
Epoch 140, Accuracy: 98.02%
Epoch 160, Accuracy: 97.98%
Epoch 180, Accuracy: 97.98%
Epoch 200, Accuracy: 97.88%
Epoch 220, Accuracy: 98.03%
Epoch 240, Accuracy: 98.13%
Epoch 260, Accuracy: 98.13%
Epoch 280, Accuracy: 98.02%
Epoch 300, Accuracy: 97.82%
Adding 502 images to training set
Epoch 20, Accuracy: 91.48%
Epoch 40, Accuracy: 97.53%
Epoch 60, Accuracy: 97.75%
Epoch 80, Accuracy: 98.13%
Epoch 100, Accuracy: 97.93%
Epoch 120, Accuracy: 97.63%
Epoch 140, Accuracy: 97.42%
Epoch 160, Accuracy: 98.02%
Epoch 180, Accuracy: 98.00%
Epoch 200, Accuracy: 98.03%
Epoch 220, Accuracy: 97.98%
Epoch 240, Accuracy: 97.72%
Epoch 260, Accuracy: 97.38%
Epoch 280, Accuracy: 98.15%
Epoch 300, Accuracy: 98.40%
Adding 497 images to training set
Epoch 20, Accuracy: 98.02%
Epoch 40, Accuracy: 97.77%
Epoch 60, Accuracy: 98.63%
Epoch 80, Accuracy: 98.70%
Epoch 100, Accuracy: 98.20%
Epoch 120, Accuracy: 98.72%
Epoch 140, Accuracy: 98.82%
Epoch 160, Accuracy: 98.83%
Epoch 180, Accuracy: 98.68%
Epoch 200, Accuracy: 98.77%
Epoch 220, Accuracy: 98.80%
Epoch 240, Accuracy: 98.23%
Epoch 260, Accuracy: 98.67%
Epoch 280, Accuracy: 97.83%
Epoch 300, Accuracy: 98.83%
Running with seed=31 and test_samples_ivon=16
device=device(type='cuda')
torch.get_num_threads()=1
Epoch 20, Accuracy: 94.83%
Epoch 40, Accuracy: 95.63%
Epoch 60, Accuracy: 95.68%
Epoch 80, Accuracy: 96.68%
Epoch 100, Accuracy: 96.68%
Epoch 120, Accuracy: 96.68%
Epoch 140, Accuracy: 96.72%
Epoch 160, Accuracy: 96.33%
Epoch 180, Accuracy: 96.80%
Epoch 200, Accuracy: 96.63%
Epoch 220, Accuracy: 96.92%
Epoch 240, Accuracy: 97.15%
Epoch 260, Accuracy: 97.25%
Epoch 280, Accuracy: 96.93%
Epoch 300, Accuracy: 97.30%
Adding 513 images to training set
Epoch 20, Accuracy: 70.02%
Epoch 40, Accuracy: 92.53%
Epoch 60, Accuracy: 94.88%
Epoch 80, Accuracy: 96.63%
Epoch 100, Accuracy: 97.17%
Epoch 120, Accuracy: 96.58%
Epoch 140, Accuracy: 97.48%
Epoch 160, Accuracy: 97.48%
Epoch 180, Accuracy: 96.52%
Epoch 200, Accuracy: 97.67%
Epoch 220, Accuracy: 97.87%
Epoch 240, Accuracy: 97.92%
Epoch 260, Accuracy: 97.72%
Epoch 280, Accuracy: 97.50%
Epoch 300, Accuracy: 97.93%
Adding 507 images to training set
Epoch 20, Accuracy: 94.57%
Epoch 40, Accuracy: 96.92%
Epoch 60, Accuracy: 98.00%
Epoch 80, Accuracy: 98.02%
Epoch 100, Accuracy: 98.15%
Epoch 120, Accuracy: 98.02%
Epoch 140, Accuracy: 98.12%
Epoch 160, Accuracy: 98.15%
Epoch 180, Accuracy: 98.25%
Epoch 200, Accuracy: 98.30%
Epoch 220, Accuracy: 98.42%
Epoch 240, Accuracy: 98.42%
Epoch 260, Accuracy: 97.08%
Epoch 280, Accuracy: 98.55%
Epoch 300, Accuracy: 98.57%
Adding 502 images to training set
Epoch 20, Accuracy: 70.77%
Epoch 40, Accuracy: 96.97%
Epoch 60, Accuracy: 98.25%
Epoch 80, Accuracy: 98.13%
Epoch 100, Accuracy: 98.45%
Epoch 120, Accuracy: 98.38%
Epoch 140, Accuracy: 97.93%
Epoch 160, Accuracy: 98.53%
Epoch 180, Accuracy: 98.55%
Epoch 200, Accuracy: 98.60%
Epoch 220, Accuracy: 98.55%
Epoch 240, Accuracy: 98.82%
Epoch 260, Accuracy: 97.52%
Epoch 280, Accuracy: 98.93%
Epoch 300, Accuracy: 98.82%
Adding 497 images to training set
Epoch 20, Accuracy: 97.37%
Epoch 40, Accuracy: 97.45%
Epoch 60, Accuracy: 98.75%
Epoch 80, Accuracy: 98.98%
Epoch 100, Accuracy: 98.47%
Epoch 120, Accuracy: 98.98%
Epoch 140, Accuracy: 98.57%
Epoch 160, Accuracy: 98.97%
Epoch 180, Accuracy: 99.03%
Epoch 200, Accuracy: 99.03%
Epoch 220, Accuracy: 99.08%
Epoch 240, Accuracy: 98.68%
Epoch 260, Accuracy: 99.23%
Epoch 280, Accuracy: 99.15%
Epoch 300, Accuracy: 99.08%
Running with seed=32 and test_samples_ivon=16
device=device(type='cuda')
torch.get_num_threads()=1
Epoch 20, Accuracy: 92.15%
Epoch 40, Accuracy: 94.78%
Epoch 60, Accuracy: 95.38%
Epoch 80, Accuracy: 96.37%
Epoch 100, Accuracy: 95.83%
Epoch 120, Accuracy: 96.55%
Epoch 140, Accuracy: 96.68%
Epoch 160, Accuracy: 96.68%
Epoch 180, Accuracy: 97.00%
Epoch 200, Accuracy: 96.25%
Epoch 220, Accuracy: 96.87%
Epoch 240, Accuracy: 96.77%
Epoch 260, Accuracy: 95.73%
Epoch 280, Accuracy: 96.85%
Epoch 300, Accuracy: 96.82%
Adding 513 images to training set
Epoch 20, Accuracy: 95.22%
Epoch 40, Accuracy: 96.92%
Epoch 60, Accuracy: 96.73%
Epoch 80, Accuracy: 97.57%
Epoch 100, Accuracy: 97.68%
Epoch 120, Accuracy: 97.15%
Epoch 140, Accuracy: 97.77%
Epoch 160, Accuracy: 97.62%
Epoch 180, Accuracy: 97.38%
Epoch 200, Accuracy: 97.53%
Epoch 220, Accuracy: 97.82%
Epoch 240, Accuracy: 97.73%
Epoch 260, Accuracy: 97.50%
Epoch 280, Accuracy: 97.87%
Epoch 300, Accuracy: 97.98%
Adding 507 images to training set
Epoch 20, Accuracy: 88.70%
Epoch 40, Accuracy: 96.35%
Epoch 60, Accuracy: 97.58%
Epoch 80, Accuracy: 97.85%
Epoch 100, Accuracy: 97.72%
Epoch 120, Accuracy: 97.92%
Epoch 140, Accuracy: 97.87%
Epoch 160, Accuracy: 98.05%
Epoch 180, Accuracy: 98.12%
Epoch 200, Accuracy: 98.02%
Epoch 220, Accuracy: 97.95%
Epoch 240, Accuracy: 97.78%
Epoch 260, Accuracy: 98.32%
Epoch 280, Accuracy: 95.35%
Epoch 300, Accuracy: 97.30%
Adding 502 images to training set
Epoch 20, Accuracy: 91.55%
Epoch 40, Accuracy: 97.82%
Epoch 60, Accuracy: 98.17%
Epoch 80, Accuracy: 98.37%
Epoch 100, Accuracy: 98.30%
Epoch 120, Accuracy: 98.38%
Epoch 140, Accuracy: 94.25%
Epoch 160, Accuracy: 98.55%
Epoch 180, Accuracy: 98.50%
Epoch 200, Accuracy: 98.70%
Epoch 220, Accuracy: 98.70%
Epoch 240, Accuracy: 98.50%
Epoch 260, Accuracy: 97.90%
Epoch 280, Accuracy: 98.60%
Epoch 300, Accuracy: 98.82%
Adding 497 images to training set
Epoch 20, Accuracy: 97.60%
Epoch 40, Accuracy: 98.13%
Epoch 60, Accuracy: 98.73%
Epoch 80, Accuracy: 99.00%
Epoch 100, Accuracy: 98.07%
Epoch 120, Accuracy: 98.92%
Epoch 140, Accuracy: 99.08%
Epoch 160, Accuracy: 99.13%
Epoch 180, Accuracy: 99.02%
Epoch 200, Accuracy: 99.17%
Epoch 220, Accuracy: 98.88%
Epoch 240, Accuracy: 98.30%
Epoch 260, Accuracy: 99.13%
Epoch 280, Accuracy: 98.95%
Epoch 300, Accuracy: 99.13%
Running with seed=33 and test_samples_ivon=16
device=device(type='cuda')
torch.get_num_threads()=1
Epoch 20, Accuracy: 86.32%
Epoch 40, Accuracy: 94.08%
Epoch 60, Accuracy: 94.93%
Epoch 80, Accuracy: 96.48%
Epoch 100, Accuracy: 95.30%
Epoch 120, Accuracy: 96.77%
Epoch 140, Accuracy: 96.47%
Epoch 160, Accuracy: 96.52%
Epoch 180, Accuracy: 96.53%
Epoch 200, Accuracy: 94.08%
Epoch 220, Accuracy: 97.02%
Epoch 240, Accuracy: 97.17%
Epoch 260, Accuracy: 97.22%
Epoch 280, Accuracy: 97.22%
Epoch 300, Accuracy: 97.27%
Adding 513 images to training set
Epoch 20, Accuracy: 95.78%
Epoch 40, Accuracy: 97.25%
Epoch 60, Accuracy: 94.07%
Epoch 80, Accuracy: 98.02%
Epoch 100, Accuracy: 97.68%
Epoch 120, Accuracy: 96.88%
Epoch 140, Accuracy: 97.93%
Epoch 160, Accuracy: 97.88%
Epoch 180, Accuracy: 98.07%
Epoch 200, Accuracy: 97.95%
Epoch 220, Accuracy: 97.92%
Epoch 240, Accuracy: 98.13%
Epoch 260, Accuracy: 98.02%
Epoch 280, Accuracy: 97.83%
Epoch 300, Accuracy: 96.38%
Adding 507 images to training set
Epoch 20, Accuracy: 90.63%
Epoch 40, Accuracy: 95.82%
Epoch 60, Accuracy: 97.90%
Epoch 80, Accuracy: 98.20%
Epoch 100, Accuracy: 98.00%
Epoch 120, Accuracy: 98.30%
Epoch 140, Accuracy: 98.45%
Epoch 160, Accuracy: 98.28%
Epoch 180, Accuracy: 98.22%
Epoch 200, Accuracy: 98.15%
Epoch 220, Accuracy: 97.67%
Epoch 240, Accuracy: 96.97%
Epoch 260, Accuracy: 98.15%
Epoch 280, Accuracy: 97.87%
Epoch 300, Accuracy: 97.35%
Adding 502 images to training set
Epoch 20, Accuracy: 83.60%
Epoch 40, Accuracy: 96.03%
Epoch 60, Accuracy: 97.33%
Epoch 80, Accuracy: 97.52%
Epoch 100, Accuracy: 97.52%
Epoch 120, Accuracy: 96.92%
Epoch 140, Accuracy: 96.83%
Epoch 160, Accuracy: 97.85%
Epoch 180, Accuracy: 98.00%
Epoch 200, Accuracy: 98.32%
Epoch 220, Accuracy: 97.75%
Epoch 240, Accuracy: 96.70%
Epoch 260, Accuracy: 96.95%
Epoch 280, Accuracy: 98.13%
Epoch 300, Accuracy: 98.13%
Adding 497 images to training set
Epoch 20, Accuracy: 98.20%
Epoch 40, Accuracy: 97.28%
Epoch 60, Accuracy: 98.57%
Epoch 80, Accuracy: 98.73%
Epoch 100, Accuracy: 97.35%
Epoch 120, Accuracy: 98.57%
Epoch 140, Accuracy: 98.32%
Epoch 160, Accuracy: 98.77%
Epoch 180, Accuracy: 98.55%
Epoch 200, Accuracy: 98.82%
Epoch 220, Accuracy: 98.75%
Epoch 240, Accuracy: 96.73%
Epoch 260, Accuracy: 98.78%
Epoch 280, Accuracy: 98.82%
Epoch 300, Accuracy: 98.92%
Running with seed=34 and test_samples_ivon=16
device=device(type='cuda')
torch.get_num_threads()=1
Epoch 20, Accuracy: 95.20%
Epoch 40, Accuracy: 95.38%
Epoch 60, Accuracy: 96.50%
Epoch 80, Accuracy: 96.97%
Epoch 100, Accuracy: 96.58%
Epoch 120, Accuracy: 97.23%
Epoch 140, Accuracy: 97.07%
Epoch 160, Accuracy: 97.23%
Epoch 180, Accuracy: 97.50%
Epoch 200, Accuracy: 95.82%
Epoch 220, Accuracy: 97.35%
Epoch 240, Accuracy: 97.32%
Epoch 260, Accuracy: 97.13%
Epoch 280, Accuracy: 97.27%
Epoch 300, Accuracy: 96.15%
Adding 513 images to training set
Epoch 20, Accuracy: 74.02%
Epoch 40, Accuracy: 96.92%
Epoch 60, Accuracy: 95.90%
Epoch 80, Accuracy: 97.67%
Epoch 100, Accuracy: 97.78%
Epoch 120, Accuracy: 97.78%
Epoch 140, Accuracy: 97.83%
Epoch 160, Accuracy: 97.72%
Epoch 180, Accuracy: 97.30%
Epoch 200, Accuracy: 97.97%
Epoch 220, Accuracy: 98.02%
Epoch 240, Accuracy: 97.73%
Epoch 260, Accuracy: 97.72%
Epoch 280, Accuracy: 98.03%
Epoch 300, Accuracy: 98.17%
Adding 507 images to training set
Epoch 20, Accuracy: 93.78%
Epoch 40, Accuracy: 96.70%
Epoch 60, Accuracy: 97.75%
Epoch 80, Accuracy: 98.32%
Epoch 100, Accuracy: 98.42%
Epoch 120, Accuracy: 98.42%
Epoch 140, Accuracy: 98.42%
Epoch 160, Accuracy: 98.20%
Epoch 180, Accuracy: 98.43%
Epoch 200, Accuracy: 98.50%
Epoch 220, Accuracy: 98.38%
Epoch 240, Accuracy: 97.43%
Epoch 260, Accuracy: 96.88%
Epoch 280, Accuracy: 98.72%
Epoch 300, Accuracy: 98.63%
Adding 502 images to training set
Epoch 20, Accuracy: 96.02%
Epoch 40, Accuracy: 98.58%
Epoch 60, Accuracy: 98.58%
Epoch 80, Accuracy: 98.65%
Epoch 100, Accuracy: 98.75%
Epoch 120, Accuracy: 98.33%
Epoch 140, Accuracy: 98.30%
Epoch 160, Accuracy: 98.68%
Epoch 180, Accuracy: 98.83%
Epoch 200, Accuracy: 98.98%
Epoch 220, Accuracy: 98.82%
Epoch 240, Accuracy: 98.70%
Epoch 260, Accuracy: 98.50%
Epoch 280, Accuracy: 98.80%
Epoch 300, Accuracy: 98.95%
Adding 497 images to training set
Epoch 20, Accuracy: 38.30%
Epoch 40, Accuracy: 89.87%
Epoch 60, Accuracy: 97.37%
Epoch 80, Accuracy: 98.18%
Epoch 100, Accuracy: 97.18%
Epoch 120, Accuracy: 98.58%
Epoch 140, Accuracy: 92.03%
Epoch 160, Accuracy: 98.40%
Epoch 180, Accuracy: 98.25%
Epoch 200, Accuracy: 98.48%
Epoch 220, Accuracy: 98.80%
Epoch 240, Accuracy: 98.33%
Epoch 260, Accuracy: 98.77%
Epoch 280, Accuracy: 96.42%
Epoch 300, Accuracy: 98.67%
Running with seed=35 and test_samples_ivon=16
device=device(type='cuda')
torch.get_num_threads()=1
Epoch 20, Accuracy: 94.98%
Epoch 40, Accuracy: 95.53%
Epoch 60, Accuracy: 95.83%
Epoch 80, Accuracy: 96.78%
Epoch 100, Accuracy: 96.88%
Epoch 120, Accuracy: 96.72%
Epoch 140, Accuracy: 96.75%
Epoch 160, Accuracy: 96.83%
Epoch 180, Accuracy: 96.97%
Epoch 200, Accuracy: 97.13%
Epoch 220, Accuracy: 97.12%
Epoch 240, Accuracy: 97.10%
Epoch 260, Accuracy: 96.42%
Epoch 280, Accuracy: 97.43%
Epoch 300, Accuracy: 97.00%
Adding 513 images to training set
Epoch 20, Accuracy: 81.05%
Epoch 40, Accuracy: 96.08%
Epoch 60, Accuracy: 93.57%
Epoch 80, Accuracy: 97.73%
Epoch 100, Accuracy: 97.55%
Epoch 120, Accuracy: 97.55%
Epoch 140, Accuracy: 97.83%
Epoch 160, Accuracy: 97.82%
Epoch 180, Accuracy: 98.05%
Epoch 200, Accuracy: 97.87%
Epoch 220, Accuracy: 97.97%
Epoch 240, Accuracy: 98.12%
Epoch 260, Accuracy: 98.17%
Epoch 280, Accuracy: 97.90%
Epoch 300, Accuracy: 97.63%
Adding 507 images to training set
Epoch 20, Accuracy: 93.67%
Epoch 40, Accuracy: 97.27%
Epoch 60, Accuracy: 98.25%
Epoch 80, Accuracy: 98.47%
Epoch 100, Accuracy: 98.37%
Epoch 120, Accuracy: 98.43%
Epoch 140, Accuracy: 98.38%
Epoch 160, Accuracy: 98.57%
Epoch 180, Accuracy: 98.55%
Epoch 200, Accuracy: 98.72%
Epoch 220, Accuracy: 96.88%
Epoch 240, Accuracy: 98.52%
Epoch 260, Accuracy: 97.60%
Epoch 280, Accuracy: 98.32%
Epoch 300, Accuracy: 98.53%
Adding 502 images to training set
Epoch 20, Accuracy: 96.43%
Epoch 40, Accuracy: 98.48%
Epoch 60, Accuracy: 98.60%
Epoch 80, Accuracy: 98.73%
Epoch 100, Accuracy: 98.65%
Epoch 120, Accuracy: 98.70%
Epoch 140, Accuracy: 97.67%
Epoch 160, Accuracy: 98.77%
Epoch 180, Accuracy: 98.73%
Epoch 200, Accuracy: 98.62%
Epoch 220, Accuracy: 98.42%
Epoch 240, Accuracy: 97.82%
Epoch 260, Accuracy: 98.25%
Epoch 280, Accuracy: 98.88%
Epoch 300, Accuracy: 98.60%
Adding 497 images to training set
Epoch 20, Accuracy: 98.17%
Epoch 40, Accuracy: 98.43%
Epoch 60, Accuracy: 98.75%
Epoch 80, Accuracy: 98.78%
Epoch 100, Accuracy: 98.50%
Epoch 120, Accuracy: 98.93%
Epoch 140, Accuracy: 98.37%
Epoch 160, Accuracy: 98.93%
Epoch 180, Accuracy: 98.85%
Epoch 200, Accuracy: 98.93%
Epoch 220, Accuracy: 98.97%
Epoch 240, Accuracy: 99.08%
Epoch 260, Accuracy: 99.05%
Epoch 280, Accuracy: 98.98%
Epoch 300, Accuracy: 98.97%
Running with seed=36 and test_samples_ivon=16
device=device(type='cuda')
torch.get_num_threads()=1
Epoch 20, Accuracy: 78.88%
Epoch 40, Accuracy: 93.97%
Epoch 60, Accuracy: 95.20%
Epoch 80, Accuracy: 96.02%
Epoch 100, Accuracy: 96.43%
Epoch 120, Accuracy: 95.97%
Epoch 140, Accuracy: 96.57%
Epoch 160, Accuracy: 95.97%
Epoch 180, Accuracy: 96.65%
Epoch 200, Accuracy: 96.70%
Epoch 220, Accuracy: 96.42%
Epoch 240, Accuracy: 96.80%
Epoch 260, Accuracy: 96.97%
Epoch 280, Accuracy: 96.83%
Epoch 300, Accuracy: 96.57%
Adding 513 images to training set
Epoch 20, Accuracy: 93.38%
Epoch 40, Accuracy: 97.12%
Epoch 60, Accuracy: 95.70%
Epoch 80, Accuracy: 97.55%
Epoch 100, Accuracy: 97.63%
Epoch 120, Accuracy: 97.58%
Epoch 140, Accuracy: 97.90%
Epoch 160, Accuracy: 98.00%
Epoch 180, Accuracy: 97.92%
Epoch 200, Accuracy: 97.73%
Epoch 220, Accuracy: 98.18%
Epoch 240, Accuracy: 97.03%
Epoch 260, Accuracy: 98.10%
Epoch 280, Accuracy: 97.72%
Epoch 300, Accuracy: 97.43%
Adding 507 images to training set
Epoch 20, Accuracy: 82.12%
Epoch 40, Accuracy: 94.10%
Epoch 60, Accuracy: 96.52%
Epoch 80, Accuracy: 97.12%
Epoch 100, Accuracy: 97.40%
Epoch 120, Accuracy: 97.37%
Epoch 140, Accuracy: 97.47%
Epoch 160, Accuracy: 97.53%
Epoch 180, Accuracy: 97.65%
Epoch 200, Accuracy: 97.82%
Epoch 220, Accuracy: 97.78%
Epoch 240, Accuracy: 96.27%
Epoch 260, Accuracy: 97.60%
Epoch 280, Accuracy: 97.82%
Epoch 300, Accuracy: 96.40%
Adding 502 images to training set
Epoch 20, Accuracy: 92.13%
Epoch 40, Accuracy: 97.77%
Epoch 60, Accuracy: 98.30%
Epoch 80, Accuracy: 98.20%
Epoch 100, Accuracy: 98.12%
Epoch 120, Accuracy: 97.80%
Epoch 140, Accuracy: 97.92%
Epoch 160, Accuracy: 98.45%
Epoch 180, Accuracy: 98.47%
Epoch 200, Accuracy: 98.53%
Epoch 220, Accuracy: 98.63%
Epoch 240, Accuracy: 97.22%
Epoch 260, Accuracy: 98.62%
Epoch 280, Accuracy: 98.53%
Epoch 300, Accuracy: 98.68%
Adding 497 images to training set
Epoch 20, Accuracy: 97.28%
Epoch 40, Accuracy: 95.57%
Epoch 60, Accuracy: 98.45%
Epoch 80, Accuracy: 98.75%
Epoch 100, Accuracy: 98.08%
Epoch 120, Accuracy: 98.98%
Epoch 140, Accuracy: 98.13%
Epoch 160, Accuracy: 99.03%
Epoch 180, Accuracy: 98.95%
Epoch 200, Accuracy: 99.08%
Epoch 220, Accuracy: 98.95%
Epoch 240, Accuracy: 99.12%
Epoch 260, Accuracy: 99.03%
Epoch 280, Accuracy: 98.42%
Epoch 300, Accuracy: 98.80%
Running with seed=37 and test_samples_ivon=16
device=device(type='cuda')
torch.get_num_threads()=1
Epoch 20, Accuracy: 94.22%
Epoch 40, Accuracy: 95.27%
Epoch 60, Accuracy: 95.23%
Epoch 80, Accuracy: 96.15%
Epoch 100, Accuracy: 95.13%
Epoch 120, Accuracy: 96.70%
Epoch 140, Accuracy: 96.62%
Epoch 160, Accuracy: 96.52%
Epoch 180, Accuracy: 96.78%
Epoch 200, Accuracy: 96.03%
Epoch 220, Accuracy: 96.40%
Epoch 240, Accuracy: 96.27%
Epoch 260, Accuracy: 96.80%
Epoch 280, Accuracy: 96.92%
Epoch 300, Accuracy: 96.82%
Adding 513 images to training set
Epoch 20, Accuracy: 32.00%
Epoch 40, Accuracy: 94.90%
Epoch 60, Accuracy: 90.92%
Epoch 80, Accuracy: 97.33%
Epoch 100, Accuracy: 97.63%
Epoch 120, Accuracy: 96.97%
Epoch 140, Accuracy: 97.60%
Epoch 160, Accuracy: 97.52%
Epoch 180, Accuracy: 97.45%
Epoch 200, Accuracy: 97.62%
Epoch 220, Accuracy: 97.65%
Epoch 240, Accuracy: 97.47%
Epoch 260, Accuracy: 97.92%
Epoch 280, Accuracy: 97.72%
Epoch 300, Accuracy: 97.68%
Adding 507 images to training set
Epoch 20, Accuracy: 94.45%
Epoch 40, Accuracy: 96.47%
Epoch 60, Accuracy: 98.00%
Epoch 80, Accuracy: 98.15%
Epoch 100, Accuracy: 98.20%
Epoch 120, Accuracy: 98.17%
Epoch 140, Accuracy: 98.33%
Epoch 160, Accuracy: 98.57%
Epoch 180, Accuracy: 98.35%
Epoch 200, Accuracy: 98.15%
Epoch 220, Accuracy: 98.20%
Epoch 240, Accuracy: 97.92%
Epoch 260, Accuracy: 97.15%
Epoch 280, Accuracy: 97.95%
Epoch 300, Accuracy: 96.65%
Adding 502 images to training set
Epoch 20, Accuracy: 95.65%
Epoch 40, Accuracy: 98.32%
Epoch 60, Accuracy: 98.72%
Epoch 80, Accuracy: 98.68%
Epoch 100, Accuracy: 98.72%
Epoch 120, Accuracy: 98.62%
Epoch 140, Accuracy: 98.43%
Epoch 160, Accuracy: 98.63%
Epoch 180, Accuracy: 98.63%
Epoch 200, Accuracy: 98.88%
Epoch 220, Accuracy: 98.78%
Epoch 240, Accuracy: 98.52%
Epoch 260, Accuracy: 98.08%
Epoch 280, Accuracy: 98.90%
Epoch 300, Accuracy: 98.82%
Adding 497 images to training set
Epoch 20, Accuracy: 97.80%
Epoch 40, Accuracy: 95.25%
Epoch 60, Accuracy: 98.17%
Epoch 80, Accuracy: 98.55%
Epoch 100, Accuracy: 98.02%
Epoch 120, Accuracy: 98.63%
Epoch 140, Accuracy: 98.45%
Epoch 160, Accuracy: 98.57%
Epoch 180, Accuracy: 98.17%
Epoch 200, Accuracy: 98.58%
Epoch 220, Accuracy: 98.58%
Epoch 240, Accuracy: 97.10%
Epoch 260, Accuracy: 98.63%
Epoch 280, Accuracy: 97.22%
Epoch 300, Accuracy: 98.58%
Running with seed=38 and test_samples_ivon=16
device=device(type='cuda')
torch.get_num_threads()=1
Epoch 20, Accuracy: 92.37%
Epoch 40, Accuracy: 95.32%
Epoch 60, Accuracy: 95.63%
Epoch 80, Accuracy: 96.72%
Epoch 100, Accuracy: 95.77%
Epoch 120, Accuracy: 96.72%
Epoch 140, Accuracy: 96.33%
Epoch 160, Accuracy: 96.45%
Epoch 180, Accuracy: 96.57%
Epoch 200, Accuracy: 96.17%
Epoch 220, Accuracy: 96.63%
Epoch 240, Accuracy: 96.90%
Epoch 260, Accuracy: 96.72%
Epoch 280, Accuracy: 97.08%
Epoch 300, Accuracy: 97.12%
Adding 513 images to training set
Epoch 20, Accuracy: 93.73%
Epoch 40, Accuracy: 96.97%
Epoch 60, Accuracy: 93.55%
Epoch 80, Accuracy: 98.15%
Epoch 100, Accuracy: 97.98%
Epoch 120, Accuracy: 98.07%
Epoch 140, Accuracy: 98.08%
Epoch 160, Accuracy: 98.07%
Epoch 180, Accuracy: 98.45%
Epoch 200, Accuracy: 98.35%
Epoch 220, Accuracy: 98.13%
Epoch 240, Accuracy: 98.47%
Epoch 260, Accuracy: 98.38%
Epoch 280, Accuracy: 98.37%
Epoch 300, Accuracy: 98.50%
Adding 507 images to training set
Epoch 20, Accuracy: 57.83%
Epoch 40, Accuracy: 89.30%
Epoch 60, Accuracy: 97.55%
Epoch 80, Accuracy: 98.07%
Epoch 100, Accuracy: 98.20%
Epoch 120, Accuracy: 98.47%
Epoch 140, Accuracy: 98.37%
Epoch 160, Accuracy: 98.22%
Epoch 180, Accuracy: 98.38%
Epoch 200, Accuracy: 98.33%
Epoch 220, Accuracy: 98.32%
Epoch 240, Accuracy: 98.27%
Epoch 260, Accuracy: 98.50%
Epoch 280, Accuracy: 96.78%
Epoch 300, Accuracy: 98.52%
Adding 502 images to training set
Epoch 20, Accuracy: 88.90%
Epoch 40, Accuracy: 96.92%
Epoch 60, Accuracy: 97.75%
Epoch 80, Accuracy: 97.97%
Epoch 100, Accuracy: 97.78%
Epoch 120, Accuracy: 94.87%
Epoch 140, Accuracy: 97.68%
Epoch 160, Accuracy: 98.38%
Epoch 180, Accuracy: 98.45%
Epoch 200, Accuracy: 98.33%
Epoch 220, Accuracy: 98.38%
Epoch 240, Accuracy: 97.18%
Epoch 260, Accuracy: 96.47%
Epoch 280, Accuracy: 98.45%
Epoch 300, Accuracy: 98.50%
Adding 497 images to training set
Epoch 20, Accuracy: 96.85%
Epoch 40, Accuracy: 97.87%
Epoch 60, Accuracy: 98.78%
Epoch 80, Accuracy: 99.02%
Epoch 100, Accuracy: 98.28%
Epoch 120, Accuracy: 98.93%
Epoch 140, Accuracy: 98.85%
Epoch 160, Accuracy: 98.95%
Epoch 180, Accuracy: 98.90%
Epoch 200, Accuracy: 99.00%
Epoch 220, Accuracy: 99.02%
Epoch 240, Accuracy: 98.38%
Epoch 260, Accuracy: 99.03%
Epoch 280, Accuracy: 97.87%
Epoch 300, Accuracy: 99.17%
Running with seed=39 and test_samples_ivon=16
device=device(type='cuda')
torch.get_num_threads()=1
Epoch 20, Accuracy: 88.72%
Epoch 40, Accuracy: 94.87%
Epoch 60, Accuracy: 95.07%
Epoch 80, Accuracy: 96.52%
Epoch 100, Accuracy: 96.33%
Epoch 120, Accuracy: 96.65%
Epoch 140, Accuracy: 96.63%
Epoch 160, Accuracy: 96.28%
Epoch 180, Accuracy: 96.75%
Epoch 200, Accuracy: 97.03%
Epoch 220, Accuracy: 97.03%
Epoch 240, Accuracy: 96.73%
Epoch 260, Accuracy: 95.70%
Epoch 280, Accuracy: 96.85%
Epoch 300, Accuracy: 97.23%
Adding 513 images to training set
Epoch 20, Accuracy: 93.78%
Epoch 40, Accuracy: 96.95%
Epoch 60, Accuracy: 95.98%
Epoch 80, Accuracy: 97.27%
Epoch 100, Accuracy: 97.45%
Epoch 120, Accuracy: 96.38%
Epoch 140, Accuracy: 97.40%
Epoch 160, Accuracy: 97.20%
Epoch 180, Accuracy: 97.65%
Epoch 200, Accuracy: 97.68%
Epoch 220, Accuracy: 97.60%
Epoch 240, Accuracy: 97.17%
Epoch 260, Accuracy: 97.62%
Epoch 280, Accuracy: 97.67%
Epoch 300, Accuracy: 97.72%
Adding 507 images to training set
Epoch 20, Accuracy: 93.63%
Epoch 40, Accuracy: 95.60%
Epoch 60, Accuracy: 98.18%
Epoch 80, Accuracy: 98.27%
Epoch 100, Accuracy: 98.30%
Epoch 120, Accuracy: 98.47%
Epoch 140, Accuracy: 98.30%
Epoch 160, Accuracy: 98.53%
Epoch 180, Accuracy: 98.57%
Epoch 200, Accuracy: 98.42%
Epoch 220, Accuracy: 98.20%
Epoch 240, Accuracy: 98.47%
Epoch 260, Accuracy: 98.43%
Epoch 280, Accuracy: 89.92%
Epoch 300, Accuracy: 97.82%
Adding 502 images to training set
Epoch 20, Accuracy: 88.85%
Epoch 40, Accuracy: 97.80%
Epoch 60, Accuracy: 98.15%
Epoch 80, Accuracy: 98.40%
Epoch 100, Accuracy: 98.33%
Epoch 120, Accuracy: 97.60%
Epoch 140, Accuracy: 97.92%
Epoch 160, Accuracy: 98.25%
Epoch 180, Accuracy: 98.45%
Epoch 200, Accuracy: 98.63%
Epoch 220, Accuracy: 98.67%
Epoch 240, Accuracy: 94.27%
Epoch 260, Accuracy: 98.17%
Epoch 280, Accuracy: 98.60%
Epoch 300, Accuracy: 98.60%
Adding 497 images to training set
Epoch 20, Accuracy: 98.12%
Epoch 40, Accuracy: 97.43%
Epoch 60, Accuracy: 98.53%
Epoch 80, Accuracy: 98.67%
Epoch 100, Accuracy: 97.88%
Epoch 120, Accuracy: 98.77%
Epoch 140, Accuracy: 96.70%
Epoch 160, Accuracy: 98.68%
Epoch 180, Accuracy: 98.80%
Epoch 200, Accuracy: 98.87%
Epoch 220, Accuracy: 98.80%
Epoch 240, Accuracy: 98.38%
Epoch 260, Accuracy: 98.82%
Epoch 280, Accuracy: 97.62%
Epoch 300, Accuracy: 98.72%
Running with seed=40 and test_samples_ivon=16
device=device(type='cuda')
torch.get_num_threads()=1
Epoch 20, Accuracy: 94.77%
Epoch 40, Accuracy: 95.92%
Epoch 60, Accuracy: 96.08%
Epoch 80, Accuracy: 96.77%
Epoch 100, Accuracy: 96.90%
Epoch 120, Accuracy: 96.72%
Epoch 140, Accuracy: 97.07%
Epoch 160, Accuracy: 96.60%
Epoch 180, Accuracy: 97.12%
Epoch 200, Accuracy: 96.22%
Epoch 220, Accuracy: 97.35%
Epoch 240, Accuracy: 97.28%
Epoch 260, Accuracy: 95.43%
Epoch 280, Accuracy: 97.20%
Epoch 300, Accuracy: 97.15%
Adding 513 images to training set
Epoch 20, Accuracy: 85.92%
Epoch 40, Accuracy: 96.88%
Epoch 60, Accuracy: 93.43%
Epoch 80, Accuracy: 97.77%
Epoch 100, Accuracy: 98.03%
Epoch 120, Accuracy: 97.72%
Epoch 140, Accuracy: 98.05%
Epoch 160, Accuracy: 97.77%
Epoch 180, Accuracy: 97.90%
Epoch 200, Accuracy: 98.08%
Epoch 220, Accuracy: 98.15%
Epoch 240, Accuracy: 97.90%
Epoch 260, Accuracy: 98.07%
Epoch 280, Accuracy: 98.07%
Epoch 300, Accuracy: 97.98%
Adding 507 images to training set
Epoch 20, Accuracy: 85.50%
Epoch 40, Accuracy: 95.03%
Epoch 60, Accuracy: 98.05%
Epoch 80, Accuracy: 98.48%
Epoch 100, Accuracy: 98.38%
Epoch 120, Accuracy: 98.47%
Epoch 140, Accuracy: 98.68%
Epoch 160, Accuracy: 98.67%
Epoch 180, Accuracy: 98.70%
Epoch 200, Accuracy: 98.57%
Epoch 220, Accuracy: 98.38%
Epoch 240, Accuracy: 98.63%
Epoch 260, Accuracy: 97.58%
Epoch 280, Accuracy: 97.58%
Epoch 300, Accuracy: 98.68%
Adding 502 images to training set
Epoch 20, Accuracy: 95.97%
Epoch 40, Accuracy: 98.48%
Epoch 60, Accuracy: 98.63%
Epoch 80, Accuracy: 98.65%
Epoch 100, Accuracy: 98.75%
Epoch 120, Accuracy: 98.68%
Epoch 140, Accuracy: 98.30%
Epoch 160, Accuracy: 98.75%
Epoch 180, Accuracy: 98.92%
Epoch 200, Accuracy: 98.93%
Epoch 220, Accuracy: 98.72%
Epoch 240, Accuracy: 98.67%
Epoch 260, Accuracy: 97.13%
Epoch 280, Accuracy: 98.68%
Epoch 300, Accuracy: 98.90%
Adding 497 images to training set
Epoch 20, Accuracy: 94.62%
Epoch 40, Accuracy: 93.13%
Epoch 60, Accuracy: 98.48%
Epoch 80, Accuracy: 98.88%
Epoch 100, Accuracy: 98.28%
Epoch 120, Accuracy: 98.72%
Epoch 140, Accuracy: 97.65%
Epoch 160, Accuracy: 98.77%
Epoch 180, Accuracy: 98.85%
Epoch 200, Accuracy: 98.83%
Epoch 220, Accuracy: 98.85%
Epoch 240, Accuracy: 97.78%
Epoch 260, Accuracy: 98.93%
Epoch 280, Accuracy: 97.40%
Epoch 300, Accuracy: 98.90%
