Running with seed=0
Epoch 100
tensor([77.8333, 80.2333, 79.1375, 85.2896, 85.7458, 86.7401, 87.0547])
Epoch 200
tensor([85.6667, 84.1750, 86.9333, 88.9958, 89.3365, 89.5391, 89.6734])
Epoch 300
tensor([87.6167, 86.5250, 88.2583, 88.8792, 89.0698, 89.3719, 89.3693])
Running with seed=1
Epoch 100
tensor([79.5500, 81.2417, 82.8917, 83.1958, 84.5854, 85.3307, 85.3435])
Epoch 200
tensor([79.3000, 83.3583, 85.0583, 84.1708, 84.4167, 85.7969, 86.0784])
Epoch 300
tensor([81.0833, 79.0667, 82.7875, 84.5479, 84.6406, 85.8703, 85.9073])
Running with seed=2
Epoch 100
tensor([83.1333, 83.0333, 84.8417, 85.1979, 85.5333, 85.9417, 85.9148])
Epoch 200
tensor([86.9333, 88.4333, 88.1083, 88.4958, 89.0958, 89.4333, 89.6570])
Epoch 300
tensor([87.6000, 88.6750, 89.3083, 89.2500, 89.8875, 89.9990, 90.1227])
Running with seed=3
Epoch 100
tensor([74.1833, 75.1500, 75.6458, 76.0563, 76.5240, 77.2745, 77.8018])
Epoch 200
tensor([84.9000, 83.7083, 84.3792, 85.5729, 86.1031, 86.9073, 87.1464])
Epoch 300
tensor([86.2833, 87.6500, 87.6875, 88.4354, 88.8313, 88.8396, 88.9797])
Running with seed=4
Epoch 100
tensor([17.5667, 18.2250, 17.8500, 17.8188, 17.8771, 17.6969, 17.8161])
Epoch 200
tensor([37.0167, 37.1000, 37.0083, 37.0458, 37.1115, 36.7687, 37.4690])
Epoch 300
tensor([73.4333, 75.7500, 74.9625, 74.7042, 77.7625, 78.5099, 78.1216])
Running with seed=5
Epoch 100
tensor([38.2500, 38.3667, 39.2083, 39.9500, 40.3625, 40.4568, 40.7234])
Epoch 200
tensor([79.1667, 78.0917, 76.9750, 79.9021, 79.9563, 80.3302, 80.2130])
Epoch 300
tensor([80.9167, 82.1833, 82.5792, 83.0375, 83.0583, 83.1422, 83.2617])
Running with seed=6
Epoch 100
tensor([37.5167, 39.0750, 40.2417, 40.1604, 40.3719, 40.3911, 40.3943])
Epoch 200
tensor([70.8500, 69.4333, 71.2917, 72.0188, 74.2396, 72.8688, 73.1484])
Epoch 300
tensor([83.5500, 84.5250, 86.6083, 85.7646, 86.2927, 86.7057, 87.0747])
Running with seed=7
Epoch 100
tensor([62.5167, 66.9500, 69.2000, 71.0687, 69.5365, 71.1604, 71.6568])
Epoch 200
tensor([87.7667, 87.8833, 87.9458, 88.1667, 89.1813, 89.2406, 89.9008])
Epoch 300
tensor([87.3167, 87.2000, 87.7667, 89.2250, 89.1875, 89.5036, 90.0042])
Running with seed=8
Epoch 100
tensor([18.2667, 19.4667, 19.4333, 19.3208, 19.3594, 19.3979, 19.3599])
Epoch 200
tensor([38.7333, 32.4083, 39.8042, 38.6625, 38.9698, 38.9141, 39.3732])
Epoch 300
tensor([74.9333, 74.5250, 72.3000, 73.5292, 74.6802, 75.5130, 75.0669])
Running with seed=9
Epoch 100
tensor([81.9167, 83.2750, 83.8375, 84.8708, 85.7208, 86.1339, 86.3612])
Epoch 200
tensor([88.9500, 90.1583, 89.8333, 90.4917, 90.7365, 91.2573, 91.3078])
Epoch 300
tensor([87.1167, 87.9750, 89.0708, 89.2417, 90.0427, 90.1406, 90.3156])
Running with seed=10
Epoch 100
tensor([67.7500, 68.0583, 71.0042, 71.8354, 71.9313, 72.4531, 72.5167])
Epoch 200
tensor([84.9333, 87.0917, 87.5542, 87.9292, 88.5573, 88.9120, 88.9135])
Epoch 300
tensor([85.8500, 87.5250, 87.9917, 88.1646, 88.4490, 88.8505, 89.0563])
Running with seed=11
Epoch 100
tensor([19.3167, 18.6500, 21.5083, 21.2875, 22.2365, 22.2766, 22.3133])
Epoch 200
tensor([60.9667, 59.7583, 63.7083, 68.6729, 67.2885, 68.7234, 69.5909])
Epoch 300
tensor([85.1000, 84.6583, 85.6333, 86.3438, 87.4729, 87.5500, 87.6341])
Running with seed=12
Epoch 100
tensor([65.5000, 67.5833, 67.7417, 71.8229, 73.0146, 72.6589, 73.8604])
Epoch 200
tensor([87.8167, 86.4250, 88.1583, 88.8625, 88.9156, 89.6328, 89.8086])
Epoch 300
tensor([87.8667, 88.6917, 88.9583, 90.2312, 90.0594, 90.1172, 90.4099])
Running with seed=13
Epoch 100
tensor([74.3167, 75.3750, 77.7083, 78.8979, 82.2177, 83.3646, 83.8247])
Epoch 200
tensor([86.6500, 88.6500, 88.6375, 89.4542, 89.7396, 90.3906, 90.7307])
Epoch 300
tensor([85.4500, 85.9500, 88.1542, 88.8979, 88.2427, 88.7328, 89.1148])
Running with seed=14
Epoch 100
tensor([42.0000, 43.5583, 40.2917, 43.2354, 42.9042, 42.7297, 42.2982])
Epoch 200
tensor([78.5500, 79.5083, 79.0917, 80.8396, 81.8938, 81.9938, 82.4852])
Epoch 300
tensor([77.5833, 74.0833, 74.7542, 77.4875, 77.7708, 76.8974, 78.4654])
Running with seed=15
Epoch 100
tensor([80.8667, 80.5167, 83.0333, 83.4771, 84.6250, 85.1089, 85.2893])
Epoch 200
tensor([86.3500, 88.2583, 88.1000, 88.4833, 89.1469, 89.6458, 89.9552])
Epoch 300
tensor([86.2333, 87.2083, 87.8583, 88.3646, 88.8510, 89.1536, 89.4984])
Running with seed=16
Epoch 100
tensor([72.8833, 76.8833, 76.0042, 79.4917, 80.3073, 80.0906, 81.4333])
Epoch 200
tensor([74.0000, 73.1833, 74.6833, 79.3438, 77.6500, 79.8646, 80.6846])
Epoch 300
tensor([68.0833, 61.8583, 73.1583, 71.7958, 73.8948, 73.5938, 73.9932])
Running with seed=17
Epoch 100
tensor([80.2667, 79.5750, 81.6292, 82.7146, 83.5687, 83.5609, 83.7594])
Epoch 200
tensor([82.2833, 86.2333, 86.7292, 87.2688, 87.9792, 88.4948, 88.5229])
Epoch 300
tensor([84.8500, 85.3500, 87.3208, 86.4958, 87.9490, 88.2745, 88.3747])
Running with seed=18
Epoch 100
tensor([19.5833, 20.8167, 21.0042, 21.5229, 20.9802, 21.5448, 21.4807])
Epoch 200
tensor([68.3667, 74.2750, 76.2542, 77.1562, 77.7135, 78.0271, 77.7417])
Epoch 300
tensor([86.7833, 87.4167, 87.2000, 88.0625, 88.2646, 88.9135, 89.0302])
Running with seed=19
Epoch 100
tensor([80.9667, 80.9250, 81.9875, 86.8021, 88.8719, 89.1932, 89.9674])
Epoch 200
tensor([81.1167, 85.6000, 85.5333, 88.4750, 87.9458, 89.2656, 90.4688])
Epoch 300
tensor([79.5500, 85.5917, 85.7833, 85.6667, 87.8219, 90.0844, 90.2276])
Running with seed=20
Epoch 100
tensor([79.6500, 80.1750, 84.8708, 84.6708, 85.6125, 86.2740, 86.8448])
Epoch 200
tensor([84.8333, 84.2917, 86.7458, 88.3313, 88.7927, 89.2422, 89.5260])
Epoch 300
tensor([86.8000, 87.7917, 88.5167, 89.5083, 90.1552, 90.7307, 90.7888])
Running with seed=21
Epoch 100
tensor([37.1833, 36.9000, 41.7583, 41.9333, 42.4198, 40.0370, 41.2599])
Epoch 200
tensor([83.7333, 84.8250, 86.8917, 88.1021, 87.9625, 88.9646, 89.5076])
Epoch 300
tensor([84.3500, 86.2917, 88.4167, 88.3958, 89.3594, 89.9375, 90.0862])
Running with seed=22
Epoch 100
tensor([69.0000, 73.0333, 76.0292, 75.4167, 76.9604, 77.3969, 78.2198])
Epoch 200
tensor([86.1333, 87.4583, 87.1083, 89.0583, 89.5292, 89.9198, 90.2737])
Epoch 300
tensor([86.1833, 86.4000, 86.5333, 86.0958, 87.9250, 88.1297, 88.0789])
Running with seed=23
Epoch 100
tensor([64.3667, 63.9417, 65.6792, 66.0896, 66.3823, 66.7901, 67.5904])
Epoch 200
tensor([77.0167, 79.5750, 82.4792, 83.6250, 84.3833, 84.6703, 84.7807])
Epoch 300
tensor([83.6000, 84.9583, 83.8583, 85.0250, 85.1937, 85.5016, 85.6477])
Running with seed=24
Epoch 100
tensor([27.7500, 29.9417, 30.6542, 29.6646, 30.6583, 31.1714, 30.9445])
Epoch 200
tensor([65.5167, 74.3917, 75.2750, 77.5604, 78.6969, 78.9120, 79.7401])
Epoch 300
tensor([77.9333, 83.3583, 84.3333, 85.4625, 85.7875, 86.6203, 86.6997])
Running with seed=25
Epoch 100
tensor([32.5333, 33.9917, 32.0208, 33.5896, 33.3958, 33.3234, 33.1677])
Epoch 200
tensor([62.1667, 61.3083, 65.0750, 65.7125, 65.5906, 65.7240, 66.2164])
Epoch 300
tensor([83.6833, 84.4583, 85.0833, 84.8354, 84.9948, 85.5385, 85.7201])
Running with seed=26
Epoch 100
tensor([76.0500, 76.8250, 75.6125, 79.0062, 79.0531, 79.9682, 79.8604])
Epoch 200
tensor([88.7667, 88.1250, 88.6500, 90.1625, 90.1562, 90.7010, 90.6628])
Epoch 300
tensor([88.3000, 87.7833, 90.6792, 90.6646, 91.2458, 91.2620, 91.4385])
Running with seed=27
Epoch 100
tensor([41.9000, 42.7333, 40.2083, 42.5521, 44.9448, 45.9266, 45.4307])
Epoch 200
tensor([74.9833, 79.1167, 79.4000, 81.5687, 82.3250, 82.2146, 82.4625])
Epoch 300
tensor([82.7833, 82.8917, 83.7667, 84.4208, 84.9250, 84.9844, 85.2922])
Running with seed=28
Epoch 100
tensor([55.6667, 55.9417, 56.3708, 56.4958, 57.6365, 56.7500, 56.6841])
Epoch 200
tensor([88.2667, 88.4083, 88.7208, 89.8854, 89.5437, 90.1740, 90.3409])
Epoch 300
tensor([87.7667, 89.0667, 89.9167, 90.3271, 90.3385, 90.7068, 90.4544])
Running with seed=29
Epoch 100
tensor([66.1833, 70.4917, 72.8083, 72.7271, 73.3063, 75.0880, 74.8307])
Epoch 200
tensor([84.7500, 85.1917, 84.2542, 86.9021, 87.5052, 88.0292, 88.1891])
Epoch 300
tensor([87.4667, 88.5500, 88.2917, 88.4792, 89.2917, 90.2312, 90.0529])
Running with seed=30
Epoch 100
tensor([80.0000, 79.6083, 82.1583, 81.8146, 83.3531, 83.8776, 84.4810])
Epoch 200
tensor([76.8000, 81.4083, 83.2000, 83.7167, 86.5771, 86.8661, 86.4534])
Epoch 300
tensor([84.2000, 83.5083, 84.5500, 84.8167, 86.8073, 87.4703, 86.9029])
Running with seed=31
Epoch 100
tensor([46.6667, 52.9417, 52.6875, 55.7125, 54.9490, 55.7896, 56.5906])
Epoch 200
tensor([84.3167, 85.3167, 86.4292, 88.7917, 88.3969, 89.1849, 89.1997])
Epoch 300
tensor([85.1500, 87.4750, 89.0792, 89.4125, 89.9594, 90.5115, 90.8232])
Running with seed=32
Epoch 100
tensor([72.1500, 72.8083, 73.1792, 75.3771, 75.6167, 76.6417, 77.2247])
Epoch 200
tensor([82.8833, 86.3000, 87.3250, 88.3354, 89.2229, 89.3318, 89.8440])
Epoch 300
tensor([83.1333, 83.7167, 86.2250, 85.7771, 86.4323, 86.5693, 87.1401])
Running with seed=33
Epoch 100
tensor([72.1000, 63.7583, 75.1708, 73.5729, 77.4406, 77.7542, 79.6789])
Epoch 200
tensor([82.7000, 86.7333, 88.1500, 89.1625, 89.4490, 89.7771, 90.5253])
Epoch 300
tensor([81.7000, 81.2167, 85.9625, 87.3125, 88.7229, 89.9625, 90.0268])
Running with seed=34
Epoch 100
tensor([64.5333, 74.9250, 77.0083, 76.8250, 80.8979, 81.7755, 81.6562])
Epoch 200
tensor([84.0833, 85.2167, 86.0500, 86.2875, 86.6448, 88.3026, 88.5336])
Epoch 300
tensor([80.4667, 83.1417, 84.8542, 86.0563, 86.4646, 88.0635, 87.9187])
Running with seed=35
Epoch 100
tensor([78.2000, 81.0583, 80.7542, 83.6292, 83.4625, 84.0286, 84.5711])
Epoch 200
tensor([86.4500, 86.1417, 87.8417, 88.3271, 89.0115, 89.1964, 89.2404])
Epoch 300
tensor([82.2333, 85.8417, 85.5583, 86.1979, 86.9365, 87.4198, 87.3766])
Running with seed=36
Epoch 100
tensor([24.0500, 27.2833, 27.0292, 27.7292, 28.0406, 28.1552, 28.2323])
Epoch 200
tensor([62.6833, 62.5333, 66.2500, 68.4354, 67.3479, 69.3932, 70.5435])
Epoch 300
tensor([84.1000, 85.6583, 85.0667, 84.7937, 85.7927, 86.7177, 86.7430])
Running with seed=37
Epoch 100
tensor([80.4333, 81.2083, 82.9583, 83.9104, 83.6146, 84.3917, 84.0057])
Epoch 200
tensor([86.9000, 87.4000, 89.0333, 88.9458, 89.3979, 89.6547, 89.8102])
Epoch 300
tensor([85.9000, 88.4583, 88.5542, 89.0604, 89.3490, 89.5958, 89.5669])
Running with seed=38
Epoch 100
tensor([53.4500, 54.9833, 55.9167, 55.5500, 56.6094, 57.2854, 57.2969])
Epoch 200
tensor([82.7833, 83.9833, 84.8750, 85.8187, 86.4917, 86.7776, 86.9419])
Epoch 300
tensor([85.9500, 86.5250, 87.4042, 86.9854, 87.2604, 87.8922, 87.7219])
Running with seed=39
Epoch 100
tensor([76.5500, 80.6583, 83.9750, 83.9458, 84.7771, 84.9495, 86.5365])
Epoch 200
tensor([85.0333, 86.6000, 88.1417, 89.7021, 89.8385, 90.6365, 90.5883])
Epoch 300
tensor([88.9500, 87.6667, 88.7125, 88.9833, 89.6323, 89.9786, 90.7073])
Running with seed=40
Epoch 100
tensor([51.5500, 48.3667, 48.8833, 49.8000, 48.5708, 50.9516, 51.2125])
Epoch 200
tensor([79.3167, 82.0417, 82.0083, 83.9604, 84.1667, 85.0516, 84.8854])
Epoch 300
tensor([84.2167, 85.1167, 85.5042, 85.5396, 85.8167, 86.2682, 86.1992])
