Running with seed=17 and test_samples_ivon=16
device=device(type='cuda')
torch.get_num_threads()=1
Epoch 20, Accuracy: 78.97%
Epoch 40, Accuracy: 93.75%
Epoch 60, Accuracy: 94.77%
Epoch 80, Accuracy: 96.25%
Epoch 100, Accuracy: 96.25%
Epoch 120, Accuracy: 96.47%
Epoch 140, Accuracy: 96.42%
Epoch 160, Accuracy: 68.80%
Epoch 180, Accuracy: 95.80%
Epoch 200, Accuracy: 94.67%
Epoch 220, Accuracy: 96.17%
Epoch 240, Accuracy: 96.48%
Epoch 260, Accuracy: 96.43%
Epoch 280, Accuracy: 96.65%
Epoch 300, Accuracy: 96.38%
Epoch 20, Accuracy: 81.63%
Epoch 40, Accuracy: 96.08%
Epoch 60, Accuracy: 95.12%
Epoch 80, Accuracy: 96.80%
Epoch 100, Accuracy: 96.47%
Epoch 120, Accuracy: 95.60%
Epoch 140, Accuracy: 96.92%
Epoch 160, Accuracy: 97.05%
Epoch 180, Accuracy: 96.95%
Epoch 200, Accuracy: 97.03%
Epoch 220, Accuracy: 97.10%
Epoch 240, Accuracy: 97.23%
Epoch 260, Accuracy: 97.18%
Epoch 280, Accuracy: 97.08%
Epoch 300, Accuracy: 86.52%
Epoch 20, Accuracy: 89.65%
Epoch 40, Accuracy: 93.78%
Epoch 60, Accuracy: 97.02%
Epoch 80, Accuracy: 97.22%
Epoch 100, Accuracy: 97.05%
Epoch 120, Accuracy: 96.98%
Epoch 140, Accuracy: 97.22%
Epoch 160, Accuracy: 97.33%
Epoch 180, Accuracy: 97.52%
Epoch 200, Accuracy: 97.22%
Epoch 220, Accuracy: 97.55%
Epoch 240, Accuracy: 97.65%
Epoch 260, Accuracy: 97.25%
Epoch 280, Accuracy: 88.73%
Epoch 300, Accuracy: 96.35%
Epoch 20, Accuracy: 95.72%
Epoch 40, Accuracy: 97.55%
Epoch 60, Accuracy: 97.83%
Epoch 80, Accuracy: 97.80%
Epoch 100, Accuracy: 97.98%
Epoch 120, Accuracy: 97.40%
Epoch 140, Accuracy: 97.52%
Epoch 160, Accuracy: 97.88%
Epoch 180, Accuracy: 97.90%
Epoch 200, Accuracy: 98.27%
Epoch 220, Accuracy: 98.42%
Epoch 240, Accuracy: 98.12%
Epoch 260, Accuracy: 92.88%
Epoch 280, Accuracy: 97.97%
Epoch 300, Accuracy: 98.30%
Epoch 20, Accuracy: 95.40%
Epoch 40, Accuracy: 96.98%
Epoch 60, Accuracy: 97.32%
Epoch 80, Accuracy: 97.73%
Epoch 100, Accuracy: 97.53%
Epoch 120, Accuracy: 97.90%
Epoch 140, Accuracy: 98.00%
Epoch 160, Accuracy: 98.00%
Epoch 180, Accuracy: 97.78%
Epoch 200, Accuracy: 98.05%
Epoch 220, Accuracy: 97.57%
Epoch 240, Accuracy: 97.65%
Epoch 260, Accuracy: 98.15%
Epoch 280, Accuracy: 98.23%
Epoch 300, Accuracy: 98.30%
Running with seed=18 and test_samples_ivon=16
device=device(type='cuda')
torch.get_num_threads()=1
Epoch 20, Accuracy: 93.52%
Epoch 40, Accuracy: 95.88%
Epoch 60, Accuracy: 95.40%
Epoch 80, Accuracy: 96.75%
Epoch 100, Accuracy: 96.62%
Epoch 120, Accuracy: 96.67%
Epoch 140, Accuracy: 96.87%
Epoch 160, Accuracy: 96.80%
Epoch 180, Accuracy: 97.12%
Epoch 200, Accuracy: 97.07%
Epoch 220, Accuracy: 97.00%
Epoch 240, Accuracy: 97.05%
Epoch 260, Accuracy: 96.32%
Epoch 280, Accuracy: 97.30%
Epoch 300, Accuracy: 97.45%
Epoch 20, Accuracy: 95.27%
Epoch 40, Accuracy: 97.27%
Epoch 60, Accuracy: 96.43%
Epoch 80, Accuracy: 97.80%
Epoch 100, Accuracy: 97.98%
Epoch 120, Accuracy: 98.02%
Epoch 140, Accuracy: 97.97%
Epoch 160, Accuracy: 97.95%
Epoch 180, Accuracy: 98.07%
Epoch 200, Accuracy: 98.15%
Epoch 220, Accuracy: 97.62%
Epoch 240, Accuracy: 97.98%
Epoch 260, Accuracy: 98.10%
Epoch 280, Accuracy: 97.70%
Epoch 300, Accuracy: 97.95%
Epoch 20, Accuracy: 67.43%
Epoch 40, Accuracy: 95.72%
Epoch 60, Accuracy: 97.53%
Epoch 80, Accuracy: 97.62%
Epoch 100, Accuracy: 98.03%
Epoch 120, Accuracy: 97.87%
Epoch 140, Accuracy: 97.63%
Epoch 160, Accuracy: 97.90%
Epoch 180, Accuracy: 98.15%
Epoch 200, Accuracy: 98.05%
Epoch 220, Accuracy: 98.13%
Epoch 240, Accuracy: 96.95%
Epoch 260, Accuracy: 98.02%
Epoch 280, Accuracy: 97.43%
Epoch 300, Accuracy: 98.17%
Epoch 20, Accuracy: 92.50%
Epoch 40, Accuracy: 97.17%
Epoch 60, Accuracy: 97.62%
Epoch 80, Accuracy: 97.87%
Epoch 100, Accuracy: 97.93%
Epoch 120, Accuracy: 97.32%
Epoch 140, Accuracy: 97.32%
Epoch 160, Accuracy: 97.98%
Epoch 180, Accuracy: 97.80%
Epoch 200, Accuracy: 98.08%
Epoch 220, Accuracy: 97.88%
Epoch 240, Accuracy: 96.73%
Epoch 260, Accuracy: 97.08%
Epoch 280, Accuracy: 97.92%
Epoch 300, Accuracy: 98.07%
Epoch 20, Accuracy: 97.33%
Epoch 40, Accuracy: 97.33%
Epoch 60, Accuracy: 98.10%
Epoch 80, Accuracy: 98.07%
Epoch 100, Accuracy: 97.77%
Epoch 120, Accuracy: 97.90%
Epoch 140, Accuracy: 98.17%
Epoch 160, Accuracy: 98.22%
Epoch 180, Accuracy: 98.33%
Epoch 200, Accuracy: 98.27%
Epoch 220, Accuracy: 98.33%
Epoch 240, Accuracy: 97.62%
Epoch 260, Accuracy: 98.45%
Epoch 280, Accuracy: 96.28%
Epoch 300, Accuracy: 98.40%
Running with seed=19 and test_samples_ivon=16
device=device(type='cuda')
torch.get_num_threads()=1
Epoch 20, Accuracy: 87.07%
Epoch 40, Accuracy: 92.28%
Epoch 60, Accuracy: 94.35%
Epoch 80, Accuracy: 95.48%
Epoch 100, Accuracy: 93.40%
Epoch 120, Accuracy: 95.90%
Epoch 140, Accuracy: 95.68%
Epoch 160, Accuracy: 94.82%
Epoch 180, Accuracy: 96.02%
Epoch 200, Accuracy: 95.72%
Epoch 220, Accuracy: 95.83%
Epoch 240, Accuracy: 95.77%
Epoch 260, Accuracy: 96.20%
Epoch 280, Accuracy: 96.25%
Epoch 300, Accuracy: 95.93%
Epoch 20, Accuracy: 80.65%
Epoch 40, Accuracy: 94.42%
Epoch 60, Accuracy: 95.58%
Epoch 80, Accuracy: 96.60%
Epoch 100, Accuracy: 96.58%
Epoch 120, Accuracy: 96.82%
Epoch 140, Accuracy: 96.80%
Epoch 160, Accuracy: 96.72%
Epoch 180, Accuracy: 94.87%
Epoch 200, Accuracy: 96.97%
Epoch 220, Accuracy: 97.12%
Epoch 240, Accuracy: 96.68%
Epoch 260, Accuracy: 97.23%
Epoch 280, Accuracy: 96.97%
Epoch 300, Accuracy: 95.78%
Epoch 20, Accuracy: 95.07%
Epoch 40, Accuracy: 91.20%
Epoch 60, Accuracy: 96.83%
Epoch 80, Accuracy: 97.23%
Epoch 100, Accuracy: 97.12%
Epoch 120, Accuracy: 97.32%
Epoch 140, Accuracy: 97.22%
Epoch 160, Accuracy: 97.38%
Epoch 180, Accuracy: 97.48%
Epoch 200, Accuracy: 97.57%
Epoch 220, Accuracy: 97.10%
Epoch 240, Accuracy: 96.90%
Epoch 260, Accuracy: 97.43%
Epoch 280, Accuracy: 97.58%
Epoch 300, Accuracy: 97.57%
Epoch 20, Accuracy: 93.95%
Epoch 40, Accuracy: 97.15%
Epoch 60, Accuracy: 97.17%
Epoch 80, Accuracy: 97.22%
Epoch 100, Accuracy: 97.45%
Epoch 120, Accuracy: 97.58%
Epoch 140, Accuracy: 96.38%
Epoch 160, Accuracy: 97.70%
Epoch 180, Accuracy: 97.83%
Epoch 200, Accuracy: 97.75%
Epoch 220, Accuracy: 97.78%
Epoch 240, Accuracy: 97.00%
Epoch 260, Accuracy: 97.77%
Epoch 280, Accuracy: 97.75%
Epoch 300, Accuracy: 97.80%
Epoch 20, Accuracy: 94.77%
Epoch 40, Accuracy: 96.72%
Epoch 60, Accuracy: 96.73%
Epoch 80, Accuracy: 97.55%
Epoch 100, Accuracy: 96.80%
Epoch 120, Accuracy: 97.75%
Epoch 140, Accuracy: 97.50%
Epoch 160, Accuracy: 97.83%
Epoch 180, Accuracy: 97.80%
Epoch 200, Accuracy: 98.03%
Epoch 220, Accuracy: 97.88%
Epoch 240, Accuracy: 97.52%
Epoch 260, Accuracy: 97.88%
Epoch 280, Accuracy: 97.87%
Epoch 300, Accuracy: 98.10%
Running with seed=20 and test_samples_ivon=16
device=device(type='cuda')
torch.get_num_threads()=1
Epoch 20, Accuracy: 92.77%
Epoch 40, Accuracy: 95.18%
Epoch 60, Accuracy: 95.05%
Epoch 80, Accuracy: 96.30%
Epoch 100, Accuracy: 96.35%
Epoch 120, Accuracy: 96.80%
Epoch 140, Accuracy: 96.95%
Epoch 160, Accuracy: 96.62%
Epoch 180, Accuracy: 96.70%
Epoch 200, Accuracy: 96.47%
Epoch 220, Accuracy: 96.78%
Epoch 240, Accuracy: 97.02%
Epoch 260, Accuracy: 96.98%
Epoch 280, Accuracy: 97.08%
Epoch 300, Accuracy: 97.10%
Epoch 20, Accuracy: 59.83%
Epoch 40, Accuracy: 96.13%
Epoch 60, Accuracy: 96.82%
Epoch 80, Accuracy: 97.12%
Epoch 100, Accuracy: 96.98%
Epoch 120, Accuracy: 96.40%
Epoch 140, Accuracy: 97.07%
Epoch 160, Accuracy: 96.92%
Epoch 180, Accuracy: 96.45%
Epoch 200, Accuracy: 97.47%
Epoch 220, Accuracy: 97.33%
Epoch 240, Accuracy: 97.67%
Epoch 260, Accuracy: 97.58%
Epoch 280, Accuracy: 97.52%
Epoch 300, Accuracy: 97.77%
Epoch 20, Accuracy: 94.20%
Epoch 40, Accuracy: 94.97%
Epoch 60, Accuracy: 96.93%
Epoch 80, Accuracy: 97.17%
Epoch 100, Accuracy: 97.45%
Epoch 120, Accuracy: 97.57%
Epoch 140, Accuracy: 97.58%
Epoch 160, Accuracy: 97.60%
Epoch 180, Accuracy: 97.43%
Epoch 200, Accuracy: 97.62%
Epoch 220, Accuracy: 97.55%
Epoch 240, Accuracy: 97.72%
Epoch 260, Accuracy: 97.60%
Epoch 280, Accuracy: 95.35%
Epoch 300, Accuracy: 98.02%
Epoch 20, Accuracy: 90.37%
Epoch 40, Accuracy: 96.93%
Epoch 60, Accuracy: 97.32%
Epoch 80, Accuracy: 97.40%
Epoch 100, Accuracy: 97.18%
Epoch 120, Accuracy: 97.48%
Epoch 140, Accuracy: 96.83%
Epoch 160, Accuracy: 97.38%
Epoch 180, Accuracy: 97.53%
Epoch 200, Accuracy: 97.70%
Epoch 220, Accuracy: 97.63%
Epoch 240, Accuracy: 94.72%
Epoch 260, Accuracy: 97.53%
Epoch 280, Accuracy: 97.87%
Epoch 300, Accuracy: 97.68%
Epoch 20, Accuracy: 96.80%
Epoch 40, Accuracy: 96.23%
Epoch 60, Accuracy: 97.55%
Epoch 80, Accuracy: 97.75%
Epoch 100, Accuracy: 96.12%
Epoch 120, Accuracy: 98.05%
Epoch 140, Accuracy: 97.90%
Epoch 160, Accuracy: 97.82%
Epoch 180, Accuracy: 97.93%
Epoch 200, Accuracy: 97.60%
Epoch 220, Accuracy: 98.22%
Epoch 240, Accuracy: 98.25%
Epoch 260, Accuracy: 98.02%
Epoch 280, Accuracy: 98.00%
Epoch 300, Accuracy: 98.30%
Running with seed=21 and test_samples_ivon=16
device=device(type='cuda')
torch.get_num_threads()=1
Epoch 20, Accuracy: 94.02%
Epoch 40, Accuracy: 95.42%
Epoch 60, Accuracy: 94.85%
Epoch 80, Accuracy: 96.42%
Epoch 100, Accuracy: 96.40%
Epoch 120, Accuracy: 96.57%
Epoch 140, Accuracy: 96.68%
Epoch 160, Accuracy: 96.62%
Epoch 180, Accuracy: 96.98%
Epoch 200, Accuracy: 96.55%
Epoch 220, Accuracy: 96.87%
Epoch 240, Accuracy: 96.55%
Epoch 260, Accuracy: 96.08%
Epoch 280, Accuracy: 97.17%
Epoch 300, Accuracy: 97.27%
Epoch 20, Accuracy: 95.87%
Epoch 40, Accuracy: 96.95%
Epoch 60, Accuracy: 96.92%
Epoch 80, Accuracy: 97.50%
Epoch 100, Accuracy: 97.30%
Epoch 120, Accuracy: 97.20%
Epoch 140, Accuracy: 97.37%
Epoch 160, Accuracy: 97.43%
Epoch 180, Accuracy: 97.17%
Epoch 200, Accuracy: 97.65%
Epoch 220, Accuracy: 97.62%
Epoch 240, Accuracy: 97.37%
Epoch 260, Accuracy: 97.53%
Epoch 280, Accuracy: 97.83%
Epoch 300, Accuracy: 96.73%
Epoch 20, Accuracy: 93.52%
Epoch 40, Accuracy: 96.13%
Epoch 60, Accuracy: 96.70%
Epoch 80, Accuracy: 97.20%
Epoch 100, Accuracy: 97.08%
Epoch 120, Accuracy: 97.43%
Epoch 140, Accuracy: 97.45%
Epoch 160, Accuracy: 97.45%
Epoch 180, Accuracy: 97.50%
Epoch 200, Accuracy: 97.48%
Epoch 220, Accuracy: 97.12%
Epoch 240, Accuracy: 94.97%
Epoch 260, Accuracy: 97.50%
Epoch 280, Accuracy: 97.28%
Epoch 300, Accuracy: 97.72%
Epoch 20, Accuracy: 92.92%
Epoch 40, Accuracy: 96.47%
Epoch 60, Accuracy: 96.83%
Epoch 80, Accuracy: 97.23%
Epoch 100, Accuracy: 97.43%
Epoch 120, Accuracy: 96.60%
Epoch 140, Accuracy: 96.47%
Epoch 160, Accuracy: 97.70%
Epoch 180, Accuracy: 97.53%
Epoch 200, Accuracy: 97.78%
Epoch 220, Accuracy: 97.87%
Epoch 240, Accuracy: 97.80%
Epoch 260, Accuracy: 96.18%
Epoch 280, Accuracy: 97.70%
Epoch 300, Accuracy: 97.82%
Epoch 20, Accuracy: 94.42%
Epoch 40, Accuracy: 94.58%
Epoch 60, Accuracy: 96.45%
Epoch 80, Accuracy: 96.62%
Epoch 100, Accuracy: 95.03%
Epoch 120, Accuracy: 97.15%
Epoch 140, Accuracy: 96.93%
Epoch 160, Accuracy: 97.15%
Epoch 180, Accuracy: 97.23%
Epoch 200, Accuracy: 96.87%
Epoch 220, Accuracy: 97.23%
Epoch 240, Accuracy: 97.15%
Epoch 260, Accuracy: 97.33%
Epoch 280, Accuracy: 97.35%
Epoch 300, Accuracy: 97.58%
Running with seed=22 and test_samples_ivon=16
device=device(type='cuda')
torch.get_num_threads()=1
Epoch 20, Accuracy: 90.68%
Epoch 40, Accuracy: 95.75%
Epoch 60, Accuracy: 95.40%
Epoch 80, Accuracy: 96.78%
Epoch 100, Accuracy: 96.60%
Epoch 120, Accuracy: 96.52%
Epoch 140, Accuracy: 97.08%
Epoch 160, Accuracy: 97.02%
Epoch 180, Accuracy: 97.32%
Epoch 200, Accuracy: 95.63%
Epoch 220, Accuracy: 97.33%
Epoch 240, Accuracy: 97.23%
Epoch 260, Accuracy: 97.47%
Epoch 280, Accuracy: 97.58%
Epoch 300, Accuracy: 97.65%
Epoch 20, Accuracy: 93.17%
Epoch 40, Accuracy: 95.78%
Epoch 60, Accuracy: 92.33%
Epoch 80, Accuracy: 96.62%
Epoch 100, Accuracy: 96.70%
Epoch 120, Accuracy: 96.02%
Epoch 140, Accuracy: 96.52%
Epoch 160, Accuracy: 96.73%
Epoch 180, Accuracy: 96.70%
Epoch 200, Accuracy: 97.05%
Epoch 220, Accuracy: 96.70%
Epoch 240, Accuracy: 96.17%
Epoch 260, Accuracy: 97.28%
Epoch 280, Accuracy: 97.15%
Epoch 300, Accuracy: 96.95%
Epoch 20, Accuracy: 91.90%
Epoch 40, Accuracy: 96.45%
Epoch 60, Accuracy: 96.90%
Epoch 80, Accuracy: 96.78%
Epoch 100, Accuracy: 96.90%
Epoch 120, Accuracy: 97.12%
Epoch 140, Accuracy: 97.38%
Epoch 160, Accuracy: 97.37%
Epoch 180, Accuracy: 97.30%
Epoch 200, Accuracy: 97.48%
Epoch 220, Accuracy: 97.10%
Epoch 240, Accuracy: 97.37%
Epoch 260, Accuracy: 97.08%
Epoch 280, Accuracy: 97.33%
Epoch 300, Accuracy: 96.93%
Epoch 20, Accuracy: 95.48%
Epoch 40, Accuracy: 96.85%
Epoch 60, Accuracy: 97.38%
Epoch 80, Accuracy: 97.45%
Epoch 100, Accuracy: 97.42%
Epoch 120, Accuracy: 96.90%
Epoch 140, Accuracy: 97.75%
Epoch 160, Accuracy: 97.93%
Epoch 180, Accuracy: 97.82%
Epoch 200, Accuracy: 97.83%
Epoch 220, Accuracy: 97.47%
Epoch 240, Accuracy: 97.83%
Epoch 260, Accuracy: 97.88%
Epoch 280, Accuracy: 98.12%
Epoch 300, Accuracy: 98.05%
Epoch 20, Accuracy: 96.20%
Epoch 40, Accuracy: 96.35%
Epoch 60, Accuracy: 97.55%
Epoch 80, Accuracy: 97.38%
Epoch 100, Accuracy: 97.22%
Epoch 120, Accuracy: 97.87%
Epoch 140, Accuracy: 96.55%
Epoch 160, Accuracy: 97.88%
Epoch 180, Accuracy: 98.08%
Epoch 200, Accuracy: 97.68%
Epoch 220, Accuracy: 97.97%
Epoch 240, Accuracy: 97.28%
Epoch 260, Accuracy: 97.98%
Epoch 280, Accuracy: 98.35%
Epoch 300, Accuracy: 98.43%
Running with seed=23 and test_samples_ivon=16
device=device(type='cuda')
torch.get_num_threads()=1
Epoch 20, Accuracy: 89.97%
Epoch 40, Accuracy: 93.08%
Epoch 60, Accuracy: 94.85%
Epoch 80, Accuracy: 96.17%
Epoch 100, Accuracy: 93.55%
Epoch 120, Accuracy: 96.52%
Epoch 140, Accuracy: 96.58%
Epoch 160, Accuracy: 94.42%
Epoch 180, Accuracy: 96.83%
Epoch 200, Accuracy: 96.80%
Epoch 220, Accuracy: 96.78%
Epoch 240, Accuracy: 96.75%
Epoch 260, Accuracy: 96.93%
Epoch 280, Accuracy: 96.85%
Epoch 300, Accuracy: 96.48%
Epoch 20, Accuracy: 94.27%
Epoch 40, Accuracy: 96.25%
Epoch 60, Accuracy: 91.32%
Epoch 80, Accuracy: 96.97%
Epoch 100, Accuracy: 96.90%
Epoch 120, Accuracy: 96.72%
Epoch 140, Accuracy: 97.25%
Epoch 160, Accuracy: 97.30%
Epoch 180, Accuracy: 96.95%
Epoch 200, Accuracy: 97.57%
Epoch 220, Accuracy: 97.45%
Epoch 240, Accuracy: 97.28%
Epoch 260, Accuracy: 97.50%
Epoch 280, Accuracy: 97.52%
Epoch 300, Accuracy: 97.67%
Epoch 20, Accuracy: 67.47%
Epoch 40, Accuracy: 72.93%
Epoch 60, Accuracy: 96.08%
Epoch 80, Accuracy: 96.63%
Epoch 100, Accuracy: 96.92%
Epoch 120, Accuracy: 97.23%
Epoch 140, Accuracy: 96.82%
Epoch 160, Accuracy: 97.10%
Epoch 180, Accuracy: 97.35%
Epoch 200, Accuracy: 96.97%
Epoch 220, Accuracy: 97.17%
Epoch 240, Accuracy: 96.83%
Epoch 260, Accuracy: 97.40%
Epoch 280, Accuracy: 95.55%
Epoch 300, Accuracy: 97.25%
Epoch 20, Accuracy: 94.12%
Epoch 40, Accuracy: 97.10%
Epoch 60, Accuracy: 97.45%
Epoch 80, Accuracy: 97.43%
Epoch 100, Accuracy: 97.20%
Epoch 120, Accuracy: 97.60%
Epoch 140, Accuracy: 97.18%
Epoch 160, Accuracy: 97.65%
Epoch 180, Accuracy: 97.87%
Epoch 200, Accuracy: 97.78%
Epoch 220, Accuracy: 97.83%
Epoch 240, Accuracy: 97.43%
Epoch 260, Accuracy: 96.57%
Epoch 280, Accuracy: 98.12%
Epoch 300, Accuracy: 98.03%
Epoch 20, Accuracy: 95.23%
Epoch 40, Accuracy: 96.28%
Epoch 60, Accuracy: 94.13%
Epoch 80, Accuracy: 96.83%
Epoch 100, Accuracy: 96.92%
Epoch 120, Accuracy: 97.30%
Epoch 140, Accuracy: 97.37%
Epoch 160, Accuracy: 97.38%
Epoch 180, Accuracy: 97.53%
Epoch 200, Accuracy: 97.82%
Epoch 220, Accuracy: 97.93%
Epoch 240, Accuracy: 96.45%
Epoch 260, Accuracy: 97.92%
Epoch 280, Accuracy: 97.72%
Epoch 300, Accuracy: 98.18%
Running with seed=24 and test_samples_ivon=16
device=device(type='cuda')
torch.get_num_threads()=1
Epoch 20, Accuracy: 93.22%
Epoch 40, Accuracy: 94.20%
Epoch 60, Accuracy: 94.98%
Epoch 80, Accuracy: 96.17%
Epoch 100, Accuracy: 96.08%
Epoch 120, Accuracy: 96.37%
Epoch 140, Accuracy: 96.53%
Epoch 160, Accuracy: 96.38%
Epoch 180, Accuracy: 96.47%
Epoch 200, Accuracy: 95.77%
Epoch 220, Accuracy: 96.30%
Epoch 240, Accuracy: 96.52%
Epoch 260, Accuracy: 96.87%
Epoch 280, Accuracy: 96.83%
Epoch 300, Accuracy: 94.50%
Epoch 20, Accuracy: 91.20%
Epoch 40, Accuracy: 96.00%
Epoch 60, Accuracy: 94.58%
Epoch 80, Accuracy: 96.52%
Epoch 100, Accuracy: 96.73%
Epoch 120, Accuracy: 96.05%
Epoch 140, Accuracy: 96.58%
Epoch 160, Accuracy: 96.78%
Epoch 180, Accuracy: 96.80%
Epoch 200, Accuracy: 97.03%
Epoch 220, Accuracy: 97.07%
Epoch 240, Accuracy: 97.07%
Epoch 260, Accuracy: 96.78%
Epoch 280, Accuracy: 97.15%
Epoch 300, Accuracy: 97.17%
Epoch 20, Accuracy: 92.00%
Epoch 40, Accuracy: 96.30%
Epoch 60, Accuracy: 96.97%
Epoch 80, Accuracy: 97.10%
Epoch 100, Accuracy: 96.92%
Epoch 120, Accuracy: 97.42%
Epoch 140, Accuracy: 97.47%
Epoch 160, Accuracy: 97.38%
Epoch 180, Accuracy: 97.25%
Epoch 200, Accuracy: 97.58%
Epoch 220, Accuracy: 97.57%
Epoch 240, Accuracy: 96.85%
Epoch 260, Accuracy: 97.32%
Epoch 280, Accuracy: 96.87%
Epoch 300, Accuracy: 96.82%
Epoch 20, Accuracy: 94.82%
Epoch 40, Accuracy: 96.82%
Epoch 60, Accuracy: 97.38%
Epoch 80, Accuracy: 97.38%
Epoch 100, Accuracy: 97.22%
Epoch 120, Accuracy: 96.78%
Epoch 140, Accuracy: 97.57%
Epoch 160, Accuracy: 97.63%
Epoch 180, Accuracy: 97.57%
Epoch 200, Accuracy: 97.70%
Epoch 220, Accuracy: 97.68%
Epoch 240, Accuracy: 97.22%
Epoch 260, Accuracy: 97.98%
Epoch 280, Accuracy: 97.58%
Epoch 300, Accuracy: 97.90%
Epoch 20, Accuracy: 95.80%
Epoch 40, Accuracy: 96.88%
Epoch 60, Accuracy: 97.77%
Epoch 80, Accuracy: 97.38%
Epoch 100, Accuracy: 89.70%
Epoch 120, Accuracy: 97.63%
Epoch 140, Accuracy: 96.70%
Epoch 160, Accuracy: 97.85%
Epoch 180, Accuracy: 97.98%
Epoch 200, Accuracy: 98.10%
Epoch 220, Accuracy: 98.22%
Epoch 240, Accuracy: 97.93%
Epoch 260, Accuracy: 98.25%
Epoch 280, Accuracy: 97.67%
Epoch 300, Accuracy: 98.02%
Running with seed=25 and test_samples_ivon=16
device=device(type='cuda')
torch.get_num_threads()=1
Epoch 20, Accuracy: 95.07%
Epoch 40, Accuracy: 95.68%
Epoch 60, Accuracy: 95.30%
Epoch 80, Accuracy: 96.73%
Epoch 100, Accuracy: 96.75%
Epoch 120, Accuracy: 96.92%
Epoch 140, Accuracy: 96.82%
Epoch 160, Accuracy: 96.85%
Epoch 180, Accuracy: 97.03%
Epoch 200, Accuracy: 96.02%
Epoch 220, Accuracy: 97.25%
Epoch 240, Accuracy: 97.18%
Epoch 260, Accuracy: 96.43%
Epoch 280, Accuracy: 97.00%
Epoch 300, Accuracy: 97.30%
Epoch 20, Accuracy: 90.57%
Epoch 40, Accuracy: 95.62%
Epoch 60, Accuracy: 96.12%
Epoch 80, Accuracy: 97.25%
Epoch 100, Accuracy: 97.28%
Epoch 120, Accuracy: 97.08%
Epoch 140, Accuracy: 97.05%
Epoch 160, Accuracy: 97.48%
Epoch 180, Accuracy: 97.25%
Epoch 200, Accuracy: 97.25%
Epoch 220, Accuracy: 97.50%
Epoch 240, Accuracy: 96.93%
Epoch 260, Accuracy: 97.48%
Epoch 280, Accuracy: 96.73%
Epoch 300, Accuracy: 97.53%
Epoch 20, Accuracy: 87.77%
Epoch 40, Accuracy: 95.58%
Epoch 60, Accuracy: 97.05%
Epoch 80, Accuracy: 97.02%
Epoch 100, Accuracy: 97.13%
Epoch 120, Accuracy: 97.07%
Epoch 140, Accuracy: 97.27%
Epoch 160, Accuracy: 97.48%
Epoch 180, Accuracy: 97.28%
Epoch 200, Accuracy: 97.02%
Epoch 220, Accuracy: 97.18%
Epoch 240, Accuracy: 96.63%
Epoch 260, Accuracy: 97.38%
Epoch 280, Accuracy: 96.67%
Epoch 300, Accuracy: 97.67%
Epoch 20, Accuracy: 95.50%
Epoch 40, Accuracy: 97.35%
Epoch 60, Accuracy: 97.43%
Epoch 80, Accuracy: 97.45%
Epoch 100, Accuracy: 97.55%
Epoch 120, Accuracy: 97.77%
Epoch 140, Accuracy: 97.80%
Epoch 160, Accuracy: 97.48%
Epoch 180, Accuracy: 97.62%
Epoch 200, Accuracy: 97.55%
Epoch 220, Accuracy: 98.07%
Epoch 240, Accuracy: 98.03%
Epoch 260, Accuracy: 95.83%
Epoch 280, Accuracy: 97.97%
Epoch 300, Accuracy: 98.12%
Epoch 20, Accuracy: 96.30%
Epoch 40, Accuracy: 96.43%
Epoch 60, Accuracy: 97.20%
Epoch 80, Accuracy: 97.47%
Epoch 100, Accuracy: 95.43%
Epoch 120, Accuracy: 97.45%
Epoch 140, Accuracy: 96.02%
Epoch 160, Accuracy: 97.75%
Epoch 180, Accuracy: 97.73%
Epoch 200, Accuracy: 97.32%
Epoch 220, Accuracy: 98.00%
Epoch 240, Accuracy: 97.35%
Epoch 260, Accuracy: 97.78%
Epoch 280, Accuracy: 97.15%
Epoch 300, Accuracy: 97.97%
Running with seed=26 and test_samples_ivon=16
device=device(type='cuda')
torch.get_num_threads()=1
Epoch 20, Accuracy: 95.52%
Epoch 40, Accuracy: 95.95%
Epoch 60, Accuracy: 96.08%
Epoch 80, Accuracy: 96.80%
Epoch 100, Accuracy: 96.73%
Epoch 120, Accuracy: 96.73%
Epoch 140, Accuracy: 96.93%
Epoch 160, Accuracy: 96.87%
Epoch 180, Accuracy: 97.12%
Epoch 200, Accuracy: 96.00%
Epoch 220, Accuracy: 97.27%
Epoch 240, Accuracy: 97.18%
Epoch 260, Accuracy: 97.13%
Epoch 280, Accuracy: 97.32%
Epoch 300, Accuracy: 97.30%
Epoch 20, Accuracy: 96.60%
Epoch 40, Accuracy: 97.18%
Epoch 60, Accuracy: 97.35%
Epoch 80, Accuracy: 97.48%
Epoch 100, Accuracy: 97.40%
Epoch 120, Accuracy: 96.88%
Epoch 140, Accuracy: 97.52%
Epoch 160, Accuracy: 97.27%
Epoch 180, Accuracy: 97.55%
Epoch 200, Accuracy: 97.57%
Epoch 220, Accuracy: 97.72%
Epoch 240, Accuracy: 97.75%
Epoch 260, Accuracy: 97.43%
Epoch 280, Accuracy: 97.73%
Epoch 300, Accuracy: 97.55%
Epoch 20, Accuracy: 94.43%
Epoch 40, Accuracy: 94.83%
Epoch 60, Accuracy: 96.93%
Epoch 80, Accuracy: 96.48%
Epoch 100, Accuracy: 97.35%
Epoch 120, Accuracy: 97.60%
Epoch 140, Accuracy: 97.57%
Epoch 160, Accuracy: 97.75%
Epoch 180, Accuracy: 97.70%
Epoch 200, Accuracy: 97.50%
Epoch 220, Accuracy: 96.73%
Epoch 240, Accuracy: 97.42%
Epoch 260, Accuracy: 90.70%
Epoch 280, Accuracy: 97.80%
Epoch 300, Accuracy: 94.52%
Epoch 20, Accuracy: 94.20%
Epoch 40, Accuracy: 97.00%
Epoch 60, Accuracy: 97.82%
Epoch 80, Accuracy: 98.03%
Epoch 100, Accuracy: 97.97%
Epoch 120, Accuracy: 97.33%
Epoch 140, Accuracy: 94.17%
Epoch 160, Accuracy: 98.08%
Epoch 180, Accuracy: 98.25%
Epoch 200, Accuracy: 98.23%
Epoch 220, Accuracy: 98.07%
Epoch 240, Accuracy: 98.50%
Epoch 260, Accuracy: 95.95%
Epoch 280, Accuracy: 98.38%
Epoch 300, Accuracy: 98.08%
Epoch 20, Accuracy: 96.75%
Epoch 40, Accuracy: 96.98%
Epoch 60, Accuracy: 97.77%
Epoch 80, Accuracy: 97.88%
Epoch 100, Accuracy: 98.10%
Epoch 120, Accuracy: 98.08%
Epoch 140, Accuracy: 95.38%
Epoch 160, Accuracy: 98.23%
Epoch 180, Accuracy: 98.20%
Epoch 200, Accuracy: 98.20%
Epoch 220, Accuracy: 98.33%
Epoch 240, Accuracy: 97.77%
Epoch 260, Accuracy: 98.22%
Epoch 280, Accuracy: 98.33%
Epoch 300, Accuracy: 98.42%
Running with seed=27 and test_samples_ivon=16
device=device(type='cuda')
torch.get_num_threads()=1
Epoch 20, Accuracy: 93.32%
Epoch 40, Accuracy: 95.92%
Epoch 60, Accuracy: 95.60%
Epoch 80, Accuracy: 96.28%
Epoch 100, Accuracy: 96.40%
Epoch 120, Accuracy: 96.65%
Epoch 140, Accuracy: 96.47%
Epoch 160, Accuracy: 96.57%
Epoch 180, Accuracy: 96.70%
Epoch 200, Accuracy: 96.05%
Epoch 220, Accuracy: 96.68%
Epoch 240, Accuracy: 96.65%
Epoch 260, Accuracy: 97.05%
Epoch 280, Accuracy: 97.05%
Epoch 300, Accuracy: 97.02%
Epoch 20, Accuracy: 92.33%
Epoch 40, Accuracy: 95.18%
Epoch 60, Accuracy: 94.58%
Epoch 80, Accuracy: 96.22%
Epoch 100, Accuracy: 96.33%
Epoch 120, Accuracy: 95.92%
Epoch 140, Accuracy: 96.55%
Epoch 160, Accuracy: 96.63%
Epoch 180, Accuracy: 96.68%
Epoch 200, Accuracy: 97.00%
Epoch 220, Accuracy: 97.07%
Epoch 240, Accuracy: 92.22%
Epoch 260, Accuracy: 96.97%
Epoch 280, Accuracy: 97.03%
Epoch 300, Accuracy: 97.07%
Epoch 20, Accuracy: 83.40%
Epoch 40, Accuracy: 95.78%
Epoch 60, Accuracy: 97.23%
Epoch 80, Accuracy: 97.48%
Epoch 100, Accuracy: 97.63%
Epoch 120, Accuracy: 97.68%
Epoch 140, Accuracy: 97.80%
Epoch 160, Accuracy: 97.93%
Epoch 180, Accuracy: 97.93%
Epoch 200, Accuracy: 97.82%
Epoch 220, Accuracy: 98.07%
Epoch 240, Accuracy: 97.92%
Epoch 260, Accuracy: 92.02%
Epoch 280, Accuracy: 97.57%
Epoch 300, Accuracy: 98.10%
Epoch 20, Accuracy: 94.08%
Epoch 40, Accuracy: 96.48%
Epoch 60, Accuracy: 97.00%
Epoch 80, Accuracy: 97.33%
Epoch 100, Accuracy: 97.18%
Epoch 120, Accuracy: 96.93%
Epoch 140, Accuracy: 96.42%
Epoch 160, Accuracy: 97.20%
Epoch 180, Accuracy: 97.38%
Epoch 200, Accuracy: 97.43%
Epoch 220, Accuracy: 97.47%
Epoch 240, Accuracy: 97.52%
Epoch 260, Accuracy: 96.55%
Epoch 280, Accuracy: 97.53%
Epoch 300, Accuracy: 97.90%
Epoch 20, Accuracy: 96.80%
Epoch 40, Accuracy: 96.45%
Epoch 60, Accuracy: 97.02%
Epoch 80, Accuracy: 97.45%
Epoch 100, Accuracy: 96.98%
Epoch 120, Accuracy: 97.67%
Epoch 140, Accuracy: 97.78%
Epoch 160, Accuracy: 98.02%
Epoch 180, Accuracy: 97.80%
Epoch 200, Accuracy: 97.63%
Epoch 220, Accuracy: 97.87%
Epoch 240, Accuracy: 98.00%
Epoch 260, Accuracy: 98.10%
Epoch 280, Accuracy: 98.27%
Epoch 300, Accuracy: 98.22%
Running with seed=28 and test_samples_ivon=16
device=device(type='cuda')
torch.get_num_threads()=1
Epoch 20, Accuracy: 95.63%
Epoch 40, Accuracy: 95.78%
Epoch 60, Accuracy: 96.22%
Epoch 80, Accuracy: 96.55%
Epoch 100, Accuracy: 94.70%
Epoch 120, Accuracy: 96.97%
Epoch 140, Accuracy: 96.75%
Epoch 160, Accuracy: 96.43%
Epoch 180, Accuracy: 97.35%
Epoch 200, Accuracy: 97.17%
Epoch 220, Accuracy: 97.18%
Epoch 240, Accuracy: 96.78%
Epoch 260, Accuracy: 96.77%
Epoch 280, Accuracy: 97.28%
Epoch 300, Accuracy: 97.20%
Epoch 20, Accuracy: 35.45%
Epoch 40, Accuracy: 95.43%
Epoch 60, Accuracy: 95.62%
Epoch 80, Accuracy: 97.37%
Epoch 100, Accuracy: 97.47%
Epoch 120, Accuracy: 97.05%
Epoch 140, Accuracy: 97.23%
Epoch 160, Accuracy: 97.42%
Epoch 180, Accuracy: 97.23%
Epoch 200, Accuracy: 97.65%
Epoch 220, Accuracy: 97.85%
Epoch 240, Accuracy: 97.65%
Epoch 260, Accuracy: 97.90%
Epoch 280, Accuracy: 97.87%
Epoch 300, Accuracy: 97.45%
Epoch 20, Accuracy: 92.37%
Epoch 40, Accuracy: 95.40%
Epoch 60, Accuracy: 96.38%
Epoch 80, Accuracy: 97.02%
Epoch 100, Accuracy: 97.50%
Epoch 120, Accuracy: 97.50%
Epoch 140, Accuracy: 97.42%
Epoch 160, Accuracy: 97.43%
Epoch 180, Accuracy: 97.43%
Epoch 200, Accuracy: 97.62%
Epoch 220, Accuracy: 97.32%
Epoch 240, Accuracy: 97.67%
Epoch 260, Accuracy: 97.68%
Epoch 280, Accuracy: 97.82%
Epoch 300, Accuracy: 97.87%
Epoch 20, Accuracy: 92.55%
Epoch 40, Accuracy: 97.13%
Epoch 60, Accuracy: 97.40%
Epoch 80, Accuracy: 97.67%
Epoch 100, Accuracy: 97.57%
Epoch 120, Accuracy: 96.63%
Epoch 140, Accuracy: 97.13%
Epoch 160, Accuracy: 97.75%
Epoch 180, Accuracy: 97.78%
Epoch 200, Accuracy: 97.88%
Epoch 220, Accuracy: 98.13%
Epoch 240, Accuracy: 98.13%
Epoch 260, Accuracy: 97.92%
Epoch 280, Accuracy: 97.87%
Epoch 300, Accuracy: 98.23%
Epoch 20, Accuracy: 96.02%
Epoch 40, Accuracy: 96.72%
Epoch 60, Accuracy: 97.20%
Epoch 80, Accuracy: 97.37%
Epoch 100, Accuracy: 97.20%
Epoch 120, Accuracy: 97.55%
Epoch 140, Accuracy: 97.08%
Epoch 160, Accuracy: 97.75%
Epoch 180, Accuracy: 98.00%
Epoch 200, Accuracy: 97.97%
Epoch 220, Accuracy: 98.08%
Epoch 240, Accuracy: 95.80%
Epoch 260, Accuracy: 98.20%
Epoch 280, Accuracy: 98.15%
Epoch 300, Accuracy: 98.18%
Running with seed=29 and test_samples_ivon=16
device=device(type='cuda')
torch.get_num_threads()=1
Epoch 20, Accuracy: 93.62%
Epoch 40, Accuracy: 95.00%
Epoch 60, Accuracy: 95.40%
Epoch 80, Accuracy: 95.37%
Epoch 100, Accuracy: 95.58%
Epoch 120, Accuracy: 96.13%
Epoch 140, Accuracy: 96.15%
Epoch 160, Accuracy: 96.15%
Epoch 180, Accuracy: 96.22%
Epoch 200, Accuracy: 96.37%
Epoch 220, Accuracy: 96.65%
Epoch 240, Accuracy: 96.65%
Epoch 260, Accuracy: 96.65%
Epoch 280, Accuracy: 96.28%
Epoch 300, Accuracy: 96.32%
Epoch 20, Accuracy: 85.12%
Epoch 40, Accuracy: 96.02%
Epoch 60, Accuracy: 96.10%
Epoch 80, Accuracy: 96.90%
Epoch 100, Accuracy: 97.08%
Epoch 120, Accuracy: 96.35%
Epoch 140, Accuracy: 97.22%
Epoch 160, Accuracy: 97.07%
Epoch 180, Accuracy: 96.33%
Epoch 200, Accuracy: 97.05%
Epoch 220, Accuracy: 97.38%
Epoch 240, Accuracy: 97.33%
Epoch 260, Accuracy: 97.35%
Epoch 280, Accuracy: 97.47%
Epoch 300, Accuracy: 97.35%
Epoch 20, Accuracy: 92.17%
Epoch 40, Accuracy: 96.55%
Epoch 60, Accuracy: 97.10%
Epoch 80, Accuracy: 96.75%
Epoch 100, Accuracy: 97.47%
Epoch 120, Accuracy: 97.48%
Epoch 140, Accuracy: 97.18%
Epoch 160, Accuracy: 97.27%
Epoch 180, Accuracy: 97.42%
Epoch 200, Accuracy: 97.53%
Epoch 220, Accuracy: 97.53%
Epoch 240, Accuracy: 97.67%
Epoch 260, Accuracy: 97.67%
Epoch 280, Accuracy: 97.55%
Epoch 300, Accuracy: 97.37%
Epoch 20, Accuracy: 48.45%
Epoch 40, Accuracy: 94.72%
Epoch 60, Accuracy: 96.45%
Epoch 80, Accuracy: 96.62%
Epoch 100, Accuracy: 96.93%
Epoch 120, Accuracy: 97.08%
Epoch 140, Accuracy: 95.53%
Epoch 160, Accuracy: 97.35%
Epoch 180, Accuracy: 97.12%
Epoch 200, Accuracy: 97.18%
Epoch 220, Accuracy: 97.25%
Epoch 240, Accuracy: 97.10%
Epoch 260, Accuracy: 96.97%
Epoch 280, Accuracy: 97.20%
Epoch 300, Accuracy: 97.65%
Epoch 20, Accuracy: 97.03%
Epoch 40, Accuracy: 97.07%
Epoch 60, Accuracy: 97.57%
Epoch 80, Accuracy: 97.72%
Epoch 100, Accuracy: 97.83%
Epoch 120, Accuracy: 97.60%
Epoch 140, Accuracy: 97.87%
Epoch 160, Accuracy: 97.73%
Epoch 180, Accuracy: 97.30%
Epoch 200, Accuracy: 97.95%
Epoch 220, Accuracy: 98.25%
Epoch 240, Accuracy: 96.83%
Epoch 260, Accuracy: 97.88%
Epoch 280, Accuracy: 96.95%
Epoch 300, Accuracy: 98.33%
Running with seed=30 and test_samples_ivon=16
device=device(type='cuda')
torch.get_num_threads()=1
Epoch 20, Accuracy: 93.25%
Epoch 40, Accuracy: 93.13%
Epoch 60, Accuracy: 95.72%
Epoch 80, Accuracy: 96.30%
Epoch 100, Accuracy: 96.45%
Epoch 120, Accuracy: 96.23%
Epoch 140, Accuracy: 96.20%
Epoch 160, Accuracy: 95.55%
Epoch 180, Accuracy: 96.47%
Epoch 200, Accuracy: 95.68%
Epoch 220, Accuracy: 96.78%
Epoch 240, Accuracy: 96.82%
Epoch 260, Accuracy: 96.42%
Epoch 280, Accuracy: 97.18%
Epoch 300, Accuracy: 93.67%
Epoch 20, Accuracy: 94.98%
Epoch 40, Accuracy: 96.53%
Epoch 60, Accuracy: 96.63%
Epoch 80, Accuracy: 97.05%
Epoch 100, Accuracy: 97.07%
Epoch 120, Accuracy: 95.90%
Epoch 140, Accuracy: 97.13%
Epoch 160, Accuracy: 97.35%
Epoch 180, Accuracy: 96.28%
Epoch 200, Accuracy: 97.70%
Epoch 220, Accuracy: 97.07%
Epoch 240, Accuracy: 97.45%
Epoch 260, Accuracy: 97.45%
Epoch 280, Accuracy: 97.53%
Epoch 300, Accuracy: 96.42%
Epoch 20, Accuracy: 91.58%
Epoch 40, Accuracy: 95.12%
Epoch 60, Accuracy: 96.53%
Epoch 80, Accuracy: 96.85%
Epoch 100, Accuracy: 96.98%
Epoch 120, Accuracy: 97.03%
Epoch 140, Accuracy: 97.45%
Epoch 160, Accuracy: 97.43%
Epoch 180, Accuracy: 97.38%
Epoch 200, Accuracy: 97.52%
Epoch 220, Accuracy: 97.23%
Epoch 240, Accuracy: 96.60%
Epoch 260, Accuracy: 97.60%
Epoch 280, Accuracy: 94.63%
Epoch 300, Accuracy: 96.85%
Epoch 20, Accuracy: 87.28%
Epoch 40, Accuracy: 95.22%
Epoch 60, Accuracy: 96.48%
Epoch 80, Accuracy: 96.80%
Epoch 100, Accuracy: 96.67%
Epoch 120, Accuracy: 95.57%
Epoch 140, Accuracy: 96.62%
Epoch 160, Accuracy: 96.90%
Epoch 180, Accuracy: 97.25%
Epoch 200, Accuracy: 97.33%
Epoch 220, Accuracy: 97.52%
Epoch 240, Accuracy: 95.95%
Epoch 260, Accuracy: 96.82%
Epoch 280, Accuracy: 97.20%
Epoch 300, Accuracy: 97.77%
Epoch 20, Accuracy: 95.95%
Epoch 40, Accuracy: 96.73%
Epoch 60, Accuracy: 97.03%
Epoch 80, Accuracy: 97.38%
Epoch 100, Accuracy: 97.15%
Epoch 120, Accuracy: 97.62%
Epoch 140, Accuracy: 96.67%
Epoch 160, Accuracy: 97.85%
Epoch 180, Accuracy: 96.52%
Epoch 200, Accuracy: 97.55%
Epoch 220, Accuracy: 97.67%
Epoch 240, Accuracy: 97.20%
Epoch 260, Accuracy: 97.72%
Epoch 280, Accuracy: 96.48%
Epoch 300, Accuracy: 97.88%
Running with seed=31 and test_samples_ivon=16
device=device(type='cuda')
torch.get_num_threads()=1
Epoch 20, Accuracy: 93.08%
Epoch 40, Accuracy: 94.98%
Epoch 60, Accuracy: 94.90%
Epoch 80, Accuracy: 96.42%
Epoch 100, Accuracy: 93.70%
Epoch 120, Accuracy: 96.35%
Epoch 140, Accuracy: 96.57%
Epoch 160, Accuracy: 96.27%
Epoch 180, Accuracy: 96.52%
Epoch 200, Accuracy: 96.82%
Epoch 220, Accuracy: 96.77%
Epoch 240, Accuracy: 96.95%
Epoch 260, Accuracy: 96.65%
Epoch 280, Accuracy: 97.00%
Epoch 300, Accuracy: 96.45%
Epoch 20, Accuracy: 92.47%
Epoch 40, Accuracy: 95.22%
Epoch 60, Accuracy: 94.30%
Epoch 80, Accuracy: 96.13%
Epoch 100, Accuracy: 95.95%
Epoch 120, Accuracy: 95.58%
Epoch 140, Accuracy: 96.17%
Epoch 160, Accuracy: 96.18%
Epoch 180, Accuracy: 95.65%
Epoch 200, Accuracy: 96.52%
Epoch 220, Accuracy: 96.20%
Epoch 240, Accuracy: 96.67%
Epoch 260, Accuracy: 96.43%
Epoch 280, Accuracy: 96.75%
Epoch 300, Accuracy: 96.45%
Epoch 20, Accuracy: 93.83%
Epoch 40, Accuracy: 96.43%
Epoch 60, Accuracy: 97.13%
Epoch 80, Accuracy: 97.00%
Epoch 100, Accuracy: 97.18%
Epoch 120, Accuracy: 97.22%
Epoch 140, Accuracy: 97.28%
Epoch 160, Accuracy: 97.37%
Epoch 180, Accuracy: 97.58%
Epoch 200, Accuracy: 97.10%
Epoch 220, Accuracy: 97.13%
Epoch 240, Accuracy: 95.68%
Epoch 260, Accuracy: 97.75%
Epoch 280, Accuracy: 94.23%
Epoch 300, Accuracy: 97.30%
Epoch 20, Accuracy: 95.78%
Epoch 40, Accuracy: 97.40%
Epoch 60, Accuracy: 97.52%
Epoch 80, Accuracy: 97.58%
Epoch 100, Accuracy: 97.52%
Epoch 120, Accuracy: 96.90%
Epoch 140, Accuracy: 97.78%
Epoch 160, Accuracy: 97.28%
Epoch 180, Accuracy: 97.70%
Epoch 200, Accuracy: 97.88%
Epoch 220, Accuracy: 97.93%
Epoch 240, Accuracy: 97.82%
Epoch 260, Accuracy: 94.22%
Epoch 280, Accuracy: 98.10%
Epoch 300, Accuracy: 98.18%
Epoch 20, Accuracy: 96.85%
Epoch 40, Accuracy: 97.15%
Epoch 60, Accuracy: 97.53%
Epoch 80, Accuracy: 97.63%
Epoch 100, Accuracy: 96.78%
Epoch 120, Accuracy: 97.73%
Epoch 140, Accuracy: 97.58%
Epoch 160, Accuracy: 97.98%
Epoch 180, Accuracy: 97.83%
Epoch 200, Accuracy: 98.02%
Epoch 220, Accuracy: 98.05%
Epoch 240, Accuracy: 97.60%
Epoch 260, Accuracy: 98.18%
Epoch 280, Accuracy: 97.57%
Epoch 300, Accuracy: 98.20%
Running with seed=32 and test_samples_ivon=16
device=device(type='cuda')
torch.get_num_threads()=1
Epoch 20, Accuracy: 86.42%
Epoch 40, Accuracy: 93.02%
Epoch 60, Accuracy: 94.45%
Epoch 80, Accuracy: 95.53%
Epoch 100, Accuracy: 95.65%
Epoch 120, Accuracy: 96.02%
Epoch 140, Accuracy: 96.08%
Epoch 160, Accuracy: 96.37%
Epoch 180, Accuracy: 96.42%
Epoch 200, Accuracy: 96.23%
Epoch 220, Accuracy: 96.33%
Epoch 240, Accuracy: 96.48%
Epoch 260, Accuracy: 95.42%
Epoch 280, Accuracy: 96.47%
Epoch 300, Accuracy: 96.78%
Epoch 20, Accuracy: 88.43%
Epoch 40, Accuracy: 95.73%
Epoch 60, Accuracy: 96.12%
Epoch 80, Accuracy: 96.42%
Epoch 100, Accuracy: 96.52%
Epoch 120, Accuracy: 97.00%
Epoch 140, Accuracy: 97.00%
Epoch 160, Accuracy: 97.10%
Epoch 180, Accuracy: 96.60%
Epoch 200, Accuracy: 96.85%
Epoch 220, Accuracy: 97.13%
Epoch 240, Accuracy: 96.90%
Epoch 260, Accuracy: 97.27%
Epoch 280, Accuracy: 97.35%
Epoch 300, Accuracy: 97.37%
Epoch 20, Accuracy: 89.32%
Epoch 40, Accuracy: 94.55%
Epoch 60, Accuracy: 96.82%
Epoch 80, Accuracy: 97.08%
Epoch 100, Accuracy: 97.37%
Epoch 120, Accuracy: 97.20%
Epoch 140, Accuracy: 97.30%
Epoch 160, Accuracy: 97.52%
Epoch 180, Accuracy: 97.65%
Epoch 200, Accuracy: 97.53%
Epoch 220, Accuracy: 96.28%
Epoch 240, Accuracy: 97.38%
Epoch 260, Accuracy: 94.70%
Epoch 280, Accuracy: 97.70%
Epoch 300, Accuracy: 97.90%
Epoch 20, Accuracy: 95.93%
Epoch 40, Accuracy: 97.33%
Epoch 60, Accuracy: 97.22%
Epoch 80, Accuracy: 97.53%
Epoch 100, Accuracy: 97.70%
Epoch 120, Accuracy: 97.37%
Epoch 140, Accuracy: 96.78%
Epoch 160, Accuracy: 97.57%
Epoch 180, Accuracy: 97.62%
Epoch 200, Accuracy: 97.62%
Epoch 220, Accuracy: 97.73%
Epoch 240, Accuracy: 97.95%
Epoch 260, Accuracy: 94.53%
Epoch 280, Accuracy: 97.90%
Epoch 300, Accuracy: 98.05%
Epoch 20, Accuracy: 97.15%
Epoch 40, Accuracy: 97.15%
Epoch 60, Accuracy: 97.62%
Epoch 80, Accuracy: 97.82%
Epoch 100, Accuracy: 97.95%
Epoch 120, Accuracy: 98.03%
Epoch 140, Accuracy: 93.65%
Epoch 160, Accuracy: 98.03%
Epoch 180, Accuracy: 97.70%
Epoch 200, Accuracy: 97.82%
Epoch 220, Accuracy: 98.17%
Epoch 240, Accuracy: 98.17%
Epoch 260, Accuracy: 98.20%
Epoch 280, Accuracy: 97.30%
Epoch 300, Accuracy: 98.33%
Running with seed=33 and test_samples_ivon=16
device=device(type='cuda')
torch.get_num_threads()=1
Epoch 20, Accuracy: 92.00%
Epoch 40, Accuracy: 95.35%
Epoch 60, Accuracy: 96.03%
Epoch 80, Accuracy: 96.98%
Epoch 100, Accuracy: 96.47%
Epoch 120, Accuracy: 97.00%
Epoch 140, Accuracy: 96.80%
Epoch 160, Accuracy: 96.47%
Epoch 180, Accuracy: 97.17%
Epoch 200, Accuracy: 94.37%
Epoch 220, Accuracy: 97.22%
Epoch 240, Accuracy: 97.05%
Epoch 260, Accuracy: 97.10%
Epoch 280, Accuracy: 97.42%
Epoch 300, Accuracy: 97.27%
Epoch 20, Accuracy: 92.20%
Epoch 40, Accuracy: 95.97%
Epoch 60, Accuracy: 95.65%
Epoch 80, Accuracy: 97.03%
Epoch 100, Accuracy: 96.87%
Epoch 120, Accuracy: 96.12%
Epoch 140, Accuracy: 97.18%
Epoch 160, Accuracy: 97.22%
Epoch 180, Accuracy: 97.33%
Epoch 200, Accuracy: 97.27%
Epoch 220, Accuracy: 97.45%
Epoch 240, Accuracy: 96.00%
Epoch 260, Accuracy: 97.65%
Epoch 280, Accuracy: 97.57%
Epoch 300, Accuracy: 95.78%
Epoch 20, Accuracy: 89.68%
Epoch 40, Accuracy: 95.63%
Epoch 60, Accuracy: 96.27%
Epoch 80, Accuracy: 96.73%
Epoch 100, Accuracy: 96.90%
Epoch 120, Accuracy: 96.92%
Epoch 140, Accuracy: 96.92%
Epoch 160, Accuracy: 97.00%
Epoch 180, Accuracy: 97.10%
Epoch 200, Accuracy: 96.97%
Epoch 220, Accuracy: 97.22%
Epoch 240, Accuracy: 97.22%
Epoch 260, Accuracy: 92.65%
Epoch 280, Accuracy: 96.53%
Epoch 300, Accuracy: 97.52%
Epoch 20, Accuracy: 91.90%
Epoch 40, Accuracy: 97.27%
Epoch 60, Accuracy: 97.60%
Epoch 80, Accuracy: 97.42%
Epoch 100, Accuracy: 97.63%
Epoch 120, Accuracy: 97.72%
Epoch 140, Accuracy: 97.43%
Epoch 160, Accuracy: 97.35%
Epoch 180, Accuracy: 97.93%
Epoch 200, Accuracy: 97.73%
Epoch 220, Accuracy: 98.02%
Epoch 240, Accuracy: 98.22%
Epoch 260, Accuracy: 98.37%
Epoch 280, Accuracy: 97.72%
Epoch 300, Accuracy: 98.12%
Epoch 20, Accuracy: 96.12%
Epoch 40, Accuracy: 96.30%
Epoch 60, Accuracy: 97.05%
Epoch 80, Accuracy: 97.40%
Epoch 100, Accuracy: 97.60%
Epoch 120, Accuracy: 97.67%
Epoch 140, Accuracy: 97.35%
Epoch 160, Accuracy: 97.47%
Epoch 180, Accuracy: 97.72%
Epoch 200, Accuracy: 97.52%
Epoch 220, Accuracy: 97.80%
Epoch 240, Accuracy: 97.17%
Epoch 260, Accuracy: 97.52%
Epoch 280, Accuracy: 97.33%
Epoch 300, Accuracy: 98.07%
Running with seed=34 and test_samples_ivon=16
device=device(type='cuda')
torch.get_num_threads()=1
Epoch 20, Accuracy: 94.65%
Epoch 40, Accuracy: 95.58%
Epoch 60, Accuracy: 95.27%
Epoch 80, Accuracy: 97.17%
Epoch 100, Accuracy: 96.98%
Epoch 120, Accuracy: 97.32%
Epoch 140, Accuracy: 96.75%
Epoch 160, Accuracy: 96.77%
Epoch 180, Accuracy: 97.65%
Epoch 200, Accuracy: 97.38%
Epoch 220, Accuracy: 97.55%
Epoch 240, Accuracy: 97.32%
Epoch 260, Accuracy: 97.38%
Epoch 280, Accuracy: 97.53%
Epoch 300, Accuracy: 97.43%
Epoch 20, Accuracy: 91.27%
Epoch 40, Accuracy: 96.30%
Epoch 60, Accuracy: 94.58%
Epoch 80, Accuracy: 96.85%
Epoch 100, Accuracy: 96.90%
Epoch 120, Accuracy: 97.17%
Epoch 140, Accuracy: 97.37%
Epoch 160, Accuracy: 97.23%
Epoch 180, Accuracy: 97.42%
Epoch 200, Accuracy: 97.20%
Epoch 220, Accuracy: 96.85%
Epoch 240, Accuracy: 96.98%
Epoch 260, Accuracy: 97.17%
Epoch 280, Accuracy: 97.22%
Epoch 300, Accuracy: 97.30%
Epoch 20, Accuracy: 84.72%
Epoch 40, Accuracy: 95.80%
Epoch 60, Accuracy: 97.15%
Epoch 80, Accuracy: 97.33%
Epoch 100, Accuracy: 97.35%
Epoch 120, Accuracy: 97.52%
Epoch 140, Accuracy: 97.30%
Epoch 160, Accuracy: 97.25%
Epoch 180, Accuracy: 97.55%
Epoch 200, Accuracy: 97.73%
Epoch 220, Accuracy: 97.53%
Epoch 240, Accuracy: 97.60%
Epoch 260, Accuracy: 97.50%
Epoch 280, Accuracy: 97.17%
Epoch 300, Accuracy: 96.12%
Epoch 20, Accuracy: 91.63%
Epoch 40, Accuracy: 96.87%
Epoch 60, Accuracy: 97.17%
Epoch 80, Accuracy: 97.52%
Epoch 100, Accuracy: 97.87%
Epoch 120, Accuracy: 96.92%
Epoch 140, Accuracy: 97.53%
Epoch 160, Accuracy: 97.72%
Epoch 180, Accuracy: 97.78%
Epoch 200, Accuracy: 98.07%
Epoch 220, Accuracy: 97.98%
Epoch 240, Accuracy: 97.95%
Epoch 260, Accuracy: 96.50%
Epoch 280, Accuracy: 97.93%
Epoch 300, Accuracy: 98.03%
Epoch 20, Accuracy: 95.10%
Epoch 40, Accuracy: 96.75%
Epoch 60, Accuracy: 97.33%
Epoch 80, Accuracy: 97.40%
Epoch 100, Accuracy: 96.82%
Epoch 120, Accuracy: 97.57%
Epoch 140, Accuracy: 97.78%
Epoch 160, Accuracy: 97.60%
Epoch 180, Accuracy: 97.80%
Epoch 200, Accuracy: 97.52%
Epoch 220, Accuracy: 97.78%
Epoch 240, Accuracy: 98.02%
Epoch 260, Accuracy: 97.82%
Epoch 280, Accuracy: 98.05%
Epoch 300, Accuracy: 98.05%
Running with seed=35 and test_samples_ivon=16
device=device(type='cuda')
torch.get_num_threads()=1
Epoch 20, Accuracy: 93.77%
Epoch 40, Accuracy: 94.30%
Epoch 60, Accuracy: 96.33%
Epoch 80, Accuracy: 96.75%
Epoch 100, Accuracy: 94.73%
Epoch 120, Accuracy: 96.92%
Epoch 140, Accuracy: 96.97%
Epoch 160, Accuracy: 97.13%
Epoch 180, Accuracy: 97.05%
Epoch 200, Accuracy: 96.02%
Epoch 220, Accuracy: 97.23%
Epoch 240, Accuracy: 97.43%
Epoch 260, Accuracy: 96.32%
Epoch 280, Accuracy: 97.25%
Epoch 300, Accuracy: 96.77%
Epoch 20, Accuracy: 93.62%
Epoch 40, Accuracy: 96.30%
Epoch 60, Accuracy: 95.57%
Epoch 80, Accuracy: 97.18%
Epoch 100, Accuracy: 97.17%
Epoch 120, Accuracy: 97.22%
Epoch 140, Accuracy: 96.98%
Epoch 160, Accuracy: 96.92%
Epoch 180, Accuracy: 97.10%
Epoch 200, Accuracy: 97.33%
Epoch 220, Accuracy: 97.32%
Epoch 240, Accuracy: 96.92%
Epoch 260, Accuracy: 97.25%
Epoch 280, Accuracy: 97.30%
Epoch 300, Accuracy: 95.27%
Epoch 20, Accuracy: 90.58%
Epoch 40, Accuracy: 95.85%
Epoch 60, Accuracy: 97.18%
Epoch 80, Accuracy: 97.17%
Epoch 100, Accuracy: 97.43%
Epoch 120, Accuracy: 97.28%
Epoch 140, Accuracy: 97.67%
Epoch 160, Accuracy: 97.58%
Epoch 180, Accuracy: 97.60%
Epoch 200, Accuracy: 97.48%
Epoch 220, Accuracy: 97.58%
Epoch 240, Accuracy: 97.85%
Epoch 260, Accuracy: 97.18%
Epoch 280, Accuracy: 97.47%
Epoch 300, Accuracy: 96.85%
Epoch 20, Accuracy: 94.43%
Epoch 40, Accuracy: 97.23%
Epoch 60, Accuracy: 97.37%
Epoch 80, Accuracy: 97.52%
Epoch 100, Accuracy: 97.57%
Epoch 120, Accuracy: 96.50%
Epoch 140, Accuracy: 97.55%
Epoch 160, Accuracy: 97.88%
Epoch 180, Accuracy: 97.92%
Epoch 200, Accuracy: 98.02%
Epoch 220, Accuracy: 98.17%
Epoch 240, Accuracy: 96.73%
Epoch 260, Accuracy: 97.88%
Epoch 280, Accuracy: 98.32%
Epoch 300, Accuracy: 98.15%
Epoch 20, Accuracy: 93.48%
Epoch 40, Accuracy: 95.80%
Epoch 60, Accuracy: 96.82%
Epoch 80, Accuracy: 97.47%
Epoch 100, Accuracy: 97.28%
Epoch 120, Accuracy: 97.70%
Epoch 140, Accuracy: 97.12%
Epoch 160, Accuracy: 97.95%
Epoch 180, Accuracy: 97.93%
Epoch 200, Accuracy: 97.77%
Epoch 220, Accuracy: 98.03%
Epoch 240, Accuracy: 96.40%
Epoch 260, Accuracy: 97.90%
Epoch 280, Accuracy: 98.27%
Epoch 300, Accuracy: 98.17%
Running with seed=36 and test_samples_ivon=16
device=device(type='cuda')
torch.get_num_threads()=1
Epoch 20, Accuracy: 75.00%
Epoch 40, Accuracy: 94.78%
Epoch 60, Accuracy: 96.07%
Epoch 80, Accuracy: 96.32%
Epoch 100, Accuracy: 95.47%
Epoch 120, Accuracy: 96.70%
Epoch 140, Accuracy: 96.45%
Epoch 160, Accuracy: 95.55%
Epoch 180, Accuracy: 96.85%
Epoch 200, Accuracy: 95.93%
Epoch 220, Accuracy: 97.00%
Epoch 240, Accuracy: 97.20%
Epoch 260, Accuracy: 96.55%
Epoch 280, Accuracy: 96.82%
Epoch 300, Accuracy: 96.23%
Epoch 20, Accuracy: 94.43%
Epoch 40, Accuracy: 96.23%
Epoch 60, Accuracy: 95.80%
Epoch 80, Accuracy: 96.80%
Epoch 100, Accuracy: 96.75%
Epoch 120, Accuracy: 95.35%
Epoch 140, Accuracy: 96.83%
Epoch 160, Accuracy: 96.80%
Epoch 180, Accuracy: 97.03%
Epoch 200, Accuracy: 96.88%
Epoch 220, Accuracy: 96.95%
Epoch 240, Accuracy: 96.95%
Epoch 260, Accuracy: 97.17%
Epoch 280, Accuracy: 97.18%
Epoch 300, Accuracy: 97.57%
Epoch 20, Accuracy: 87.65%
Epoch 40, Accuracy: 95.47%
Epoch 60, Accuracy: 96.63%
Epoch 80, Accuracy: 96.90%
Epoch 100, Accuracy: 97.15%
Epoch 120, Accuracy: 97.17%
Epoch 140, Accuracy: 96.73%
Epoch 160, Accuracy: 96.93%
Epoch 180, Accuracy: 97.17%
Epoch 200, Accuracy: 96.83%
Epoch 220, Accuracy: 97.20%
Epoch 240, Accuracy: 95.37%
Epoch 260, Accuracy: 97.15%
Epoch 280, Accuracy: 97.08%
Epoch 300, Accuracy: 84.25%
Epoch 20, Accuracy: 95.45%
Epoch 40, Accuracy: 96.77%
Epoch 60, Accuracy: 97.23%
Epoch 80, Accuracy: 97.45%
Epoch 100, Accuracy: 97.35%
Epoch 120, Accuracy: 97.08%
Epoch 140, Accuracy: 96.45%
Epoch 160, Accuracy: 97.40%
Epoch 180, Accuracy: 97.40%
Epoch 200, Accuracy: 97.82%
Epoch 220, Accuracy: 97.80%
Epoch 240, Accuracy: 97.78%
Epoch 260, Accuracy: 97.68%
Epoch 280, Accuracy: 97.42%
Epoch 300, Accuracy: 97.52%
Epoch 20, Accuracy: 96.72%
Epoch 40, Accuracy: 95.93%
Epoch 60, Accuracy: 97.58%
Epoch 80, Accuracy: 97.50%
Epoch 100, Accuracy: 97.03%
Epoch 120, Accuracy: 97.77%
Epoch 140, Accuracy: 97.48%
Epoch 160, Accuracy: 97.90%
Epoch 180, Accuracy: 97.35%
Epoch 200, Accuracy: 97.82%
Epoch 220, Accuracy: 97.80%
Epoch 240, Accuracy: 97.82%
Epoch 260, Accuracy: 97.73%
Epoch 280, Accuracy: 96.73%
Epoch 300, Accuracy: 97.93%
Running with seed=37 and test_samples_ivon=16
device=device(type='cuda')
torch.get_num_threads()=1
Epoch 20, Accuracy: 93.57%
Epoch 40, Accuracy: 95.02%
Epoch 60, Accuracy: 95.35%
Epoch 80, Accuracy: 96.48%
Epoch 100, Accuracy: 94.32%
Epoch 120, Accuracy: 96.48%
Epoch 140, Accuracy: 96.73%
Epoch 160, Accuracy: 96.67%
Epoch 180, Accuracy: 96.82%
Epoch 200, Accuracy: 96.62%
Epoch 220, Accuracy: 96.52%
Epoch 240, Accuracy: 97.27%
Epoch 260, Accuracy: 96.28%
Epoch 280, Accuracy: 96.93%
Epoch 300, Accuracy: 96.87%
Epoch 20, Accuracy: 88.22%
Epoch 40, Accuracy: 95.88%
Epoch 60, Accuracy: 95.57%
Epoch 80, Accuracy: 96.57%
Epoch 100, Accuracy: 96.55%
Epoch 120, Accuracy: 96.47%
Epoch 140, Accuracy: 96.88%
Epoch 160, Accuracy: 96.95%
Epoch 180, Accuracy: 95.98%
Epoch 200, Accuracy: 96.85%
Epoch 220, Accuracy: 97.05%
Epoch 240, Accuracy: 96.63%
Epoch 260, Accuracy: 97.20%
Epoch 280, Accuracy: 97.18%
Epoch 300, Accuracy: 97.35%
Epoch 20, Accuracy: 91.62%
Epoch 40, Accuracy: 95.50%
Epoch 60, Accuracy: 96.63%
Epoch 80, Accuracy: 96.95%
Epoch 100, Accuracy: 97.08%
Epoch 120, Accuracy: 97.08%
Epoch 140, Accuracy: 97.22%
Epoch 160, Accuracy: 97.32%
Epoch 180, Accuracy: 97.58%
Epoch 200, Accuracy: 97.25%
Epoch 220, Accuracy: 97.22%
Epoch 240, Accuracy: 96.68%
Epoch 260, Accuracy: 97.72%
Epoch 280, Accuracy: 97.88%
Epoch 300, Accuracy: 97.47%
Epoch 20, Accuracy: 93.30%
Epoch 40, Accuracy: 96.10%
Epoch 60, Accuracy: 96.58%
Epoch 80, Accuracy: 96.48%
Epoch 100, Accuracy: 96.87%
Epoch 120, Accuracy: 96.80%
Epoch 140, Accuracy: 95.98%
Epoch 160, Accuracy: 96.72%
Epoch 180, Accuracy: 96.97%
Epoch 200, Accuracy: 97.10%
Epoch 220, Accuracy: 97.07%
Epoch 240, Accuracy: 94.18%
Epoch 260, Accuracy: 97.20%
Epoch 280, Accuracy: 97.40%
Epoch 300, Accuracy: 97.57%
Epoch 20, Accuracy: 96.13%
Epoch 40, Accuracy: 96.98%
Epoch 60, Accuracy: 96.77%
Epoch 80, Accuracy: 97.43%
Epoch 100, Accuracy: 97.58%
Epoch 120, Accuracy: 97.48%
Epoch 140, Accuracy: 96.33%
Epoch 160, Accuracy: 97.58%
Epoch 180, Accuracy: 97.53%
Epoch 200, Accuracy: 97.63%
Epoch 220, Accuracy: 97.25%
Epoch 240, Accuracy: 97.37%
Epoch 260, Accuracy: 97.87%
Epoch 280, Accuracy: 97.42%
Epoch 300, Accuracy: 98.02%
Running with seed=38 and test_samples_ivon=16
device=device(type='cuda')
torch.get_num_threads()=1
Epoch 20, Accuracy: 93.17%
Epoch 40, Accuracy: 95.32%
Epoch 60, Accuracy: 94.88%
Epoch 80, Accuracy: 95.85%
Epoch 100, Accuracy: 95.92%
Epoch 120, Accuracy: 95.97%
Epoch 140, Accuracy: 96.25%
Epoch 160, Accuracy: 96.43%
Epoch 180, Accuracy: 96.48%
Epoch 200, Accuracy: 96.60%
Epoch 220, Accuracy: 96.55%
Epoch 240, Accuracy: 96.52%
Epoch 260, Accuracy: 96.43%
Epoch 280, Accuracy: 96.50%
Epoch 300, Accuracy: 96.87%
Epoch 20, Accuracy: 66.70%
Epoch 40, Accuracy: 95.72%
Epoch 60, Accuracy: 95.70%
Epoch 80, Accuracy: 96.67%
Epoch 100, Accuracy: 96.97%
Epoch 120, Accuracy: 96.80%
Epoch 140, Accuracy: 97.02%
Epoch 160, Accuracy: 97.13%
Epoch 180, Accuracy: 97.05%
Epoch 200, Accuracy: 97.15%
Epoch 220, Accuracy: 97.00%
Epoch 240, Accuracy: 95.23%
Epoch 260, Accuracy: 97.07%
Epoch 280, Accuracy: 97.20%
Epoch 300, Accuracy: 96.82%
Epoch 20, Accuracy: 89.22%
Epoch 40, Accuracy: 96.23%
Epoch 60, Accuracy: 96.70%
Epoch 80, Accuracy: 96.80%
Epoch 100, Accuracy: 97.13%
Epoch 120, Accuracy: 97.03%
Epoch 140, Accuracy: 97.03%
Epoch 160, Accuracy: 97.15%
Epoch 180, Accuracy: 97.20%
Epoch 200, Accuracy: 97.37%
Epoch 220, Accuracy: 97.13%
Epoch 240, Accuracy: 97.40%
Epoch 260, Accuracy: 97.47%
Epoch 280, Accuracy: 97.58%
Epoch 300, Accuracy: 97.53%
Epoch 20, Accuracy: 96.65%
Epoch 40, Accuracy: 97.43%
Epoch 60, Accuracy: 97.47%
Epoch 80, Accuracy: 97.87%
Epoch 100, Accuracy: 97.75%
Epoch 120, Accuracy: 98.07%
Epoch 140, Accuracy: 98.12%
Epoch 160, Accuracy: 97.93%
Epoch 180, Accuracy: 98.00%
Epoch 200, Accuracy: 97.98%
Epoch 220, Accuracy: 97.95%
Epoch 240, Accuracy: 97.92%
Epoch 260, Accuracy: 96.55%
Epoch 280, Accuracy: 98.05%
Epoch 300, Accuracy: 98.20%
Epoch 20, Accuracy: 95.90%
Epoch 40, Accuracy: 96.57%
Epoch 60, Accuracy: 96.67%
Epoch 80, Accuracy: 97.47%
Epoch 100, Accuracy: 97.00%
Epoch 120, Accuracy: 97.48%
Epoch 140, Accuracy: 97.23%
Epoch 160, Accuracy: 97.65%
Epoch 180, Accuracy: 97.65%
Epoch 200, Accuracy: 97.67%
Epoch 220, Accuracy: 97.57%
Epoch 240, Accuracy: 97.02%
Epoch 260, Accuracy: 97.72%
Epoch 280, Accuracy: 98.00%
Epoch 300, Accuracy: 97.80%
Running with seed=39 and test_samples_ivon=16
device=device(type='cuda')
torch.get_num_threads()=1
Epoch 20, Accuracy: 25.50%
Epoch 40, Accuracy: 73.83%
Epoch 60, Accuracy: 95.20%
Epoch 80, Accuracy: 96.10%
Epoch 100, Accuracy: 96.35%
Epoch 120, Accuracy: 96.67%
Epoch 140, Accuracy: 96.83%
Epoch 160, Accuracy: 96.52%
Epoch 180, Accuracy: 96.97%
Epoch 200, Accuracy: 96.82%
Epoch 220, Accuracy: 97.07%
Epoch 240, Accuracy: 96.70%
Epoch 260, Accuracy: 94.65%
Epoch 280, Accuracy: 96.95%
Epoch 300, Accuracy: 96.42%
Epoch 20, Accuracy: 96.12%
Epoch 40, Accuracy: 96.88%
Epoch 60, Accuracy: 93.03%
Epoch 80, Accuracy: 97.02%
Epoch 100, Accuracy: 96.75%
Epoch 120, Accuracy: 95.92%
Epoch 140, Accuracy: 97.42%
Epoch 160, Accuracy: 97.57%
Epoch 180, Accuracy: 97.27%
Epoch 200, Accuracy: 97.28%
Epoch 220, Accuracy: 97.37%
Epoch 240, Accuracy: 95.55%
Epoch 260, Accuracy: 97.43%
Epoch 280, Accuracy: 97.28%
Epoch 300, Accuracy: 97.22%
Epoch 20, Accuracy: 93.28%
Epoch 40, Accuracy: 96.15%
Epoch 60, Accuracy: 96.78%
Epoch 80, Accuracy: 97.38%
Epoch 100, Accuracy: 97.28%
Epoch 120, Accuracy: 97.35%
Epoch 140, Accuracy: 97.47%
Epoch 160, Accuracy: 97.62%
Epoch 180, Accuracy: 97.80%
Epoch 200, Accuracy: 97.83%
Epoch 220, Accuracy: 97.90%
Epoch 240, Accuracy: 96.23%
Epoch 260, Accuracy: 97.90%
Epoch 280, Accuracy: 97.98%
Epoch 300, Accuracy: 96.07%
Epoch 20, Accuracy: 94.57%
Epoch 40, Accuracy: 96.60%
Epoch 60, Accuracy: 96.77%
Epoch 80, Accuracy: 97.03%
Epoch 100, Accuracy: 96.93%
Epoch 120, Accuracy: 96.78%
Epoch 140, Accuracy: 97.27%
Epoch 160, Accuracy: 97.15%
Epoch 180, Accuracy: 97.30%
Epoch 200, Accuracy: 97.45%
Epoch 220, Accuracy: 97.62%
Epoch 240, Accuracy: 96.22%
Epoch 260, Accuracy: 97.77%
Epoch 280, Accuracy: 97.48%
Epoch 300, Accuracy: 97.58%
Epoch 20, Accuracy: 96.47%
Epoch 40, Accuracy: 53.13%
Epoch 60, Accuracy: 97.42%
Epoch 80, Accuracy: 97.67%
Epoch 100, Accuracy: 97.05%
Epoch 120, Accuracy: 97.52%
Epoch 140, Accuracy: 97.80%
Epoch 160, Accuracy: 97.90%
Epoch 180, Accuracy: 97.72%
Epoch 200, Accuracy: 97.90%
Epoch 220, Accuracy: 98.10%
Epoch 240, Accuracy: 97.05%
Epoch 260, Accuracy: 97.98%
Epoch 280, Accuracy: 97.20%
Epoch 300, Accuracy: 98.03%
Running with seed=40 and test_samples_ivon=16
device=device(type='cuda')
torch.get_num_threads()=1
Epoch 20, Accuracy: 90.13%
Epoch 40, Accuracy: 94.93%
Epoch 60, Accuracy: 95.37%
Epoch 80, Accuracy: 96.58%
Epoch 100, Accuracy: 96.60%
Epoch 120, Accuracy: 96.63%
Epoch 140, Accuracy: 96.72%
Epoch 160, Accuracy: 95.62%
Epoch 180, Accuracy: 96.90%
Epoch 200, Accuracy: 97.12%
Epoch 220, Accuracy: 97.12%
Epoch 240, Accuracy: 97.07%
Epoch 260, Accuracy: 96.97%
Epoch 280, Accuracy: 97.15%
Epoch 300, Accuracy: 96.15%
Epoch 20, Accuracy: 95.80%
Epoch 40, Accuracy: 96.53%
Epoch 60, Accuracy: 95.47%
Epoch 80, Accuracy: 96.65%
Epoch 100, Accuracy: 96.95%
Epoch 120, Accuracy: 96.55%
Epoch 140, Accuracy: 97.13%
Epoch 160, Accuracy: 97.28%
Epoch 180, Accuracy: 97.27%
Epoch 200, Accuracy: 97.45%
Epoch 220, Accuracy: 97.47%
Epoch 240, Accuracy: 97.33%
Epoch 260, Accuracy: 97.27%
Epoch 280, Accuracy: 97.13%
Epoch 300, Accuracy: 97.18%
Epoch 20, Accuracy: 87.27%
Epoch 40, Accuracy: 89.08%
Epoch 60, Accuracy: 96.22%
Epoch 80, Accuracy: 96.93%
Epoch 100, Accuracy: 96.85%
Epoch 120, Accuracy: 97.27%
Epoch 140, Accuracy: 97.03%
Epoch 160, Accuracy: 97.27%
Epoch 180, Accuracy: 97.25%
Epoch 200, Accuracy: 97.10%
Epoch 220, Accuracy: 97.47%
Epoch 240, Accuracy: 94.50%
Epoch 260, Accuracy: 96.27%
Epoch 280, Accuracy: 97.78%
Epoch 300, Accuracy: 97.72%
Epoch 20, Accuracy: 95.38%
Epoch 40, Accuracy: 96.77%
Epoch 60, Accuracy: 97.33%
Epoch 80, Accuracy: 97.37%
Epoch 100, Accuracy: 97.12%
Epoch 120, Accuracy: 97.47%
Epoch 140, Accuracy: 94.52%
Epoch 160, Accuracy: 97.62%
Epoch 180, Accuracy: 97.47%
Epoch 200, Accuracy: 97.43%
Epoch 220, Accuracy: 97.73%
Epoch 240, Accuracy: 97.73%
Epoch 260, Accuracy: 97.57%
Epoch 280, Accuracy: 97.47%
Epoch 300, Accuracy: 97.70%
Epoch 20, Accuracy: 95.68%
Epoch 40, Accuracy: 96.77%
Epoch 60, Accuracy: 97.45%
Epoch 80, Accuracy: 97.70%
Epoch 100, Accuracy: 97.45%
Epoch 120, Accuracy: 97.82%
Epoch 140, Accuracy: 97.78%
Epoch 160, Accuracy: 97.83%
Epoch 180, Accuracy: 97.98%
Epoch 200, Accuracy: 97.98%
Epoch 220, Accuracy: 97.92%
Epoch 240, Accuracy: 97.12%
Epoch 260, Accuracy: 97.90%
Epoch 280, Accuracy: 98.38%
Epoch 300, Accuracy: 98.15%
